#
# There is insufficient memory for the Java Runtime Environment to continue.
# Native memory allocation (malloc) failed to allocate 1306416 bytes for Chunk::new
# Possible reasons:
#   The system is out of physical RAM or swap space
#   The process is running with CompressedOops enabled, and the Java Heap may be blocking the growth of the native heap
# Possible solutions:
#   Reduce memory load on the system
#   Increase physical memory or swap space
#   Check if swap backing store is full
#   Decrease Java heap size (-Xmx/-Xms)
#   Decrease number of Java threads
#   Decrease Java thread stack sizes (-Xss)
#   Set larger code cache with -XX:ReservedCodeCacheSize=
#   JVM is running with Unscaled Compressed Oops mode in which the Java heap is
#     placed in the first 4GB address space. The Java Heap base address is the
#     maximum limit for the native heap growth. Please use -XX:HeapBaseMinAddress
#     to set the Java Heap base and to place the Java Heap above 4GB virtual address.
# This output file may be truncated or incomplete.
#
#  Out of Memory Error (./src/hotspot/share/memory/arena.cpp:197), pid=14008, tid=3212
#
# JRE version: OpenJDK Runtime Environment (11.0.10) (build 11.0.10+0-b96-7249189)
# Java VM: OpenJDK 64-Bit Server VM (11.0.10+0-b96-7249189, mixed mode, tiered, compressed oops, g1 gc, windows-amd64)
# No core dump will be written. Minidumps are not enabled by default on client versions of Windows
#

---------------  S U M M A R Y ------------

Command Line: --add-opens=java.base/java.util=ALL-UNNAMED --add-opens=java.base/java.lang=ALL-UNNAMED --add-opens=java.base/java.lang.invoke=ALL-UNNAMED --add-opens=java.base/java.util=ALL-UNNAMED --add-opens=java.prefs/java.util.prefs=ALL-UNNAMED --add-opens=java.prefs/java.util.prefs=ALL-UNNAMED --add-opens=java.base/java.nio.charset=ALL-UNNAMED --add-opens=java.base/java.net=ALL-UNNAMED --add-opens=java.base/java.util.concurrent.atomic=ALL-UNNAMED -Xmx2048m -Dfile.encoding=UTF-8 -Duser.country=US -Duser.language=en -Duser.variant org.gradle.launcher.daemon.bootstrap.GradleDaemon 7.0.2

Host: Intel(R) Core(TM) i5-8350U CPU @ 1.70GHz, 8 cores, 7G,  Windows 10 , 64 bit Build 19041 (10.0.19041.1348)
Time: Thu Nov 25 07:37:21 2021 SE Asia Standard Time elapsed time: 5.162656 seconds (0d 0h 0m 5s)

---------------  T H R E A D  ---------------

Current thread (0x000002a7a1326000):  JavaThread "C2 CompilerThread0" daemon [_thread_in_native, id=3212, stack(0x000000ddb0f00000,0x000000ddb1000000)]


Current CompileTask:
C2:   5162 1978   !   4       java.lang.ClassLoader::loadClass (122 bytes)

Stack: [0x000000ddb0f00000,0x000000ddb1000000]
Native frames: (J=compiled Java code, j=interpreted, Vv=VM code, C=native code)
V  [jvm.dll+0x5ecfaa]
V  [jvm.dll+0x722bd5]
V  [jvm.dll+0x72412d]
V  [jvm.dll+0x7247e3]
V  [jvm.dll+0x242928]
V  [jvm.dll+0xbc4fc]
V  [jvm.dll+0xbca0c]
V  [jvm.dll+0x352d3b]
V  [jvm.dll+0x320ad3]
V  [jvm.dll+0x31ffca]
V  [jvm.dll+0x1fb602]
V  [jvm.dll+0x1fa7f4]
V  [jvm.dll+0x18354c]
V  [jvm.dll+0x208ee7]
V  [jvm.dll+0x207731]
V  [jvm.dll+0x6eb1cf]
V  [jvm.dll+0x6e3d45]
V  [jvm.dll+0x5ebe96]
C  [ucrtbase.dll+0x21bb2]
C  [KERNEL32.DLL+0x17034]
C  [ntdll.dll+0x52651]


---------------  P R O C E S S  ---------------

Threads class SMR info:
_java_thread_list=0x000002a7a42b6060, length=23, elements={
0x000002a786e8c800, 0x000002a7a12fd800, 0x000002a7a1306800, 0x000002a7a1c83000,
0x000002a7a1316000, 0x000002a7a1318000, 0x000002a7a1326000, 0x000002a7a132c800,
0x000002a7a1330000, 0x000002a7a1dce000, 0x000002a7a37d9800, 0x000002a7a290d800,
0x000002a7a4be0800, 0x000002a7a3ad3800, 0x000002a7a2f4d000, 0x000002a7a378d800,
0x000002a7a378e800, 0x000002a7a3eba000, 0x000002a7a4646000, 0x000002a7a51ba000,
0x000002a7a51bc000, 0x000002a7a51bc800, 0x000002a7a51bf000
}

Java Threads: ( => current thread )
  0x000002a786e8c800 JavaThread "main" [_thread_blocked, id=1636, stack(0x000000ddb0300000,0x000000ddb0400000)]
  0x000002a7a12fd800 JavaThread "Reference Handler" daemon [_thread_blocked, id=11480, stack(0x000000ddb0a00000,0x000000ddb0b00000)]
  0x000002a7a1306800 JavaThread "Finalizer" daemon [_thread_blocked, id=15892, stack(0x000000ddb0b00000,0x000000ddb0c00000)]
  0x000002a7a1c83000 JavaThread "Signal Dispatcher" daemon [_thread_blocked, id=17752, stack(0x000000ddb0c00000,0x000000ddb0d00000)]
  0x000002a7a1316000 JavaThread "Attach Listener" daemon [_thread_blocked, id=2792, stack(0x000000ddb0d00000,0x000000ddb0e00000)]
  0x000002a7a1318000 JavaThread "Service Thread" daemon [_thread_blocked, id=3040, stack(0x000000ddb0e00000,0x000000ddb0f00000)]
=>0x000002a7a1326000 JavaThread "C2 CompilerThread0" daemon [_thread_in_native, id=3212, stack(0x000000ddb0f00000,0x000000ddb1000000)]
  0x000002a7a132c800 JavaThread "C1 CompilerThread0" daemon [_thread_blocked, id=16304, stack(0x000000ddb1000000,0x000000ddb1100000)]
  0x000002a7a1330000 JavaThread "Sweeper thread" daemon [_thread_blocked, id=4632, stack(0x000000ddb1100000,0x000000ddb1200000)]
  0x000002a7a1dce000 JavaThread "Common-Cleaner" daemon [_thread_blocked, id=15536, stack(0x000000ddb1200000,0x000000ddb1300000)]
  0x000002a7a37d9800 JavaThread "Daemon health stats" [_thread_blocked, id=14552, stack(0x000000ddb1700000,0x000000ddb1800000)]
  0x000002a7a290d800 JavaThread "Incoming local TCP Connector on port 50417" [_thread_in_native, id=5996, stack(0x000000ddb1400000,0x000000ddb1500000)]
  0x000002a7a4be0800 JavaThread "Daemon periodic checks" [_thread_blocked, id=13072, stack(0x000000ddb1800000,0x000000ddb1900000)]
  0x000002a7a3ad3800 JavaThread "Daemon" [_thread_blocked, id=13784, stack(0x000000ddb1900000,0x000000ddb1a00000)]
  0x000002a7a2f4d000 JavaThread "Handler for socket connection from /127.0.0.1:50417 to /127.0.0.1:50419" [_thread_in_native, id=14492, stack(0x000000ddb1a00000,0x000000ddb1b00000)]
  0x000002a7a378d800 JavaThread "Cancel handler" [_thread_blocked, id=18868, stack(0x000000ddb1b00000,0x000000ddb1c00000)]
  0x000002a7a378e800 JavaThread "Daemon worker" [_thread_in_native, id=17788, stack(0x000000ddb1c00000,0x000000ddb1d00000)]
  0x000002a7a3eba000 JavaThread "Asynchronous log dispatcher for DefaultDaemonConnection: socket connection from /127.0.0.1:50417 to /127.0.0.1:50419" [_thread_blocked, id=13612, stack(0x000000ddb1d00000,0x000000ddb1e00000)]
  0x000002a7a4646000 JavaThread "Stdin handler" [_thread_blocked, id=15796, stack(0x000000ddb1e00000,0x000000ddb1f00000)]
  0x000002a7a51ba000 JavaThread "Daemon client event forwarder" [_thread_blocked, id=3208, stack(0x000000ddb1f00000,0x000000ddb2000000)]
  0x000002a7a51bc000 JavaThread "Cache worker for file hash cache (C:\Users\suckm\.gradle\caches\7.0.2\fileHashes)" [_thread_blocked, id=3932, stack(0x000000ddb2500000,0x000000ddb2600000)]
  0x000002a7a51bc800 JavaThread "File lock request listener" [_thread_in_native, id=17388, stack(0x000000ddb2600000,0x000000ddb2700000)]
  0x000002a7a51bf000 JavaThread "Cache worker for journal cache (C:\Users\suckm\.gradle\caches\journal-1)" [_thread_blocked, id=1580, stack(0x000000ddb2800000,0x000000ddb2900000)]

Other Threads:
  0x000002a7a12f9800 VMThread "VM Thread" [stack: 0x000000ddb0900000,0x000000ddb0a00000] [id=13224]
  0x000002a7a1e15000 WatcherThread [stack: 0x000000ddb1300000,0x000000ddb1400000] [id=1212]
  0x000002a786eac000 GCTaskThread "GC Thread#0" [stack: 0x000000ddb0400000,0x000000ddb0500000] [id=7360]
  0x000002a7a28f5000 GCTaskThread "GC Thread#1" [stack: 0x000000ddb1500000,0x000000ddb1600000] [id=5976]
  0x000002a7a23ee000 GCTaskThread "GC Thread#2" [stack: 0x000000ddb1600000,0x000000ddb1700000] [id=11244]
  0x000002a7a34a2000 GCTaskThread "GC Thread#3" [stack: 0x000000ddb2000000,0x000000ddb2100000] [id=7132]
  0x000002a7a34d2800 GCTaskThread "GC Thread#4" [stack: 0x000000ddb2100000,0x000000ddb2200000] [id=12908]
  0x000002a7a46b2800 GCTaskThread "GC Thread#5" [stack: 0x000000ddb2200000,0x000000ddb2300000] [id=20016]
  0x000002a7a49cd000 GCTaskThread "GC Thread#6" [stack: 0x000000ddb2300000,0x000000ddb2400000] [id=13904]
  0x000002a7a42f7000 GCTaskThread "GC Thread#7" [stack: 0x000000ddb2400000,0x000000ddb2500000] [id=17232]
  0x000002a786ee2000 ConcurrentGCThread "G1 Main Marker" [stack: 0x000000ddb0500000,0x000000ddb0600000] [id=19672]
  0x000002a786ee3800 ConcurrentGCThread "G1 Conc#0" [stack: 0x000000ddb0600000,0x000000ddb0700000] [id=11784]
  0x000002a7a3d9b800 ConcurrentGCThread "G1 Conc#1" [stack: 0x000000ddb2700000,0x000000ddb2800000] [id=7560]
  0x000002a7a1150800 ConcurrentGCThread "G1 Refine#0" [stack: 0x000000ddb0700000,0x000000ddb0800000] [id=17556]
  0x000002a7a1151000 ConcurrentGCThread "G1 Young RemSet Sampling" [stack: 0x000000ddb0800000,0x000000ddb0900000] [id=18468]

Threads with active compile tasks:
C2 CompilerThread0   5212 1978   !   4       java.lang.ClassLoader::loadClass (122 bytes)

VM state:not at safepoint (normal execution)

VM Mutex/Monitor currently owned by a thread: None

Heap address: 0x0000000080000000, size: 2048 MB, Compressed Oops mode: 32-bit
Narrow klass base: 0x0000000000000000, Narrow klass shift: 3
Compressed class space size: 1073741824 Address: 0x0000000100000000

Heap:
 garbage-first heap   total 131072K, used 30139K [0x0000000080000000, 0x0000000100000000)
  region size 1024K, 15 young (15360K), 1 survivors (1024K)
 Metaspace       used 21879K, capacity 22429K, committed 22704K, reserved 1069056K
  class space    used 2752K, capacity 2968K, committed 3072K, reserved 1048576K
Heap Regions: E=young(eden), S=young(survivor), O=old, HS=humongous(starts), HC=humongous(continues), CS=collection set, F=free, A=archive, TAMS=top-at-mark-start (previous, next)
|   0|0x0000000080000000, 0x0000000080100000, 0x0000000080100000|100%| O|  |TAMS 0x0000000080100000, 0x0000000080000000| Untracked 
|   1|0x0000000080100000, 0x0000000080200000, 0x0000000080200000|100%| O|  |TAMS 0x0000000080200000, 0x0000000080100000| Untracked 
|   2|0x0000000080200000, 0x0000000080300000, 0x0000000080300000|100%| O|  |TAMS 0x0000000080300000, 0x0000000080200000| Untracked 
|   3|0x0000000080300000, 0x0000000080400000, 0x0000000080400000|100%|HS|  |TAMS 0x0000000080400000, 0x0000000080300000| Complete 
|   4|0x0000000080400000, 0x0000000080500000, 0x0000000080500000|100%|HC|  |TAMS 0x0000000080500000, 0x0000000080400000| Complete 
|   5|0x0000000080500000, 0x0000000080600000, 0x0000000080600000|100%|HC|  |TAMS 0x0000000080600000, 0x0000000080500000| Complete 
|   6|0x0000000080600000, 0x0000000080700000, 0x0000000080700000|100%| O|  |TAMS 0x0000000080700000, 0x0000000080600000| Untracked 
|   7|0x0000000080700000, 0x0000000080800000, 0x0000000080800000|100%| O|  |TAMS 0x0000000080800000, 0x0000000080700000| Untracked 
|   8|0x0000000080800000, 0x0000000080900000, 0x0000000080900000|100%| O|  |TAMS 0x0000000080900000, 0x0000000080800000| Untracked 
|   9|0x0000000080900000, 0x0000000080a00000, 0x0000000080a00000|100%| O|  |TAMS 0x0000000080a00000, 0x0000000080900000| Untracked 
|  10|0x0000000080a00000, 0x0000000080b00000, 0x0000000080b00000|100%| O|  |TAMS 0x0000000080b00000, 0x0000000080a00000| Untracked 
|  11|0x0000000080b00000, 0x0000000080c00000, 0x0000000080c00000|100%| O|  |TAMS 0x0000000080c00000, 0x0000000080b00000| Untracked 
|  12|0x0000000080c00000, 0x0000000080d00000, 0x0000000080d00000|100%| O|  |TAMS 0x0000000080d00000, 0x0000000080c00000| Untracked 
|  13|0x0000000080d00000, 0x0000000080e00000, 0x0000000080e00000|100%| O|  |TAMS 0x0000000080e00000, 0x0000000080d00000| Untracked 
|  14|0x0000000080e00000, 0x0000000080f00000, 0x0000000080f00000|100%| O|  |TAMS 0x0000000080f00000, 0x0000000080e00000| Untracked 
|  15|0x0000000080f00000, 0x0000000080f9ba00, 0x0000000081000000| 60%| O|  |TAMS 0x0000000080f9ba00, 0x0000000080f00000| Untracked 
|  16|0x0000000081000000, 0x0000000081000000, 0x0000000081100000|  0%| F|  |TAMS 0x0000000081000000, 0x0000000081000000| Untracked 
|  17|0x0000000081100000, 0x0000000081100000, 0x0000000081200000|  0%| F|  |TAMS 0x0000000081100000, 0x0000000081100000| Untracked 
|  18|0x0000000081200000, 0x0000000081200000, 0x0000000081300000|  0%| F|  |TAMS 0x0000000081200000, 0x0000000081200000| Untracked 
|  19|0x0000000081300000, 0x0000000081300000, 0x0000000081400000|  0%| F|  |TAMS 0x0000000081300000, 0x0000000081300000| Untracked 
|  20|0x0000000081400000, 0x0000000081400000, 0x0000000081500000|  0%| F|  |TAMS 0x0000000081400000, 0x0000000081400000| Untracked 
|  21|0x0000000081500000, 0x0000000081500000, 0x0000000081600000|  0%| F|  |TAMS 0x0000000081500000, 0x0000000081500000| Untracked 
|  22|0x0000000081600000, 0x0000000081600000, 0x0000000081700000|  0%| F|  |TAMS 0x0000000081600000, 0x0000000081600000| Untracked 
|  23|0x0000000081700000, 0x0000000081700000, 0x0000000081800000|  0%| F|  |TAMS 0x0000000081700000, 0x0000000081700000| Untracked 
|  24|0x0000000081800000, 0x0000000081800000, 0x0000000081900000|  0%| F|  |TAMS 0x0000000081800000, 0x0000000081800000| Untracked 
|  25|0x0000000081900000, 0x0000000081900000, 0x0000000081a00000|  0%| F|  |TAMS 0x0000000081900000, 0x0000000081900000| Untracked 
|  26|0x0000000081a00000, 0x0000000081a00000, 0x0000000081b00000|  0%| F|  |TAMS 0x0000000081a00000, 0x0000000081a00000| Untracked 
|  27|0x0000000081b00000, 0x0000000081b00000, 0x0000000081c00000|  0%| F|  |TAMS 0x0000000081b00000, 0x0000000081b00000| Untracked 
|  28|0x0000000081c00000, 0x0000000081c00000, 0x0000000081d00000|  0%| F|  |TAMS 0x0000000081c00000, 0x0000000081c00000| Untracked 
|  29|0x0000000081d00000, 0x0000000081d00000, 0x0000000081e00000|  0%| F|  |TAMS 0x0000000081d00000, 0x0000000081d00000| Untracked 
|  30|0x0000000081e00000, 0x0000000081e00000, 0x0000000081f00000|  0%| F|  |TAMS 0x0000000081e00000, 0x0000000081e00000| Untracked 
|  31|0x0000000081f00000, 0x0000000081f00000, 0x0000000082000000|  0%| F|  |TAMS 0x0000000081f00000, 0x0000000081f00000| Untracked 
|  32|0x0000000082000000, 0x0000000082000000, 0x0000000082100000|  0%| F|  |TAMS 0x0000000082000000, 0x0000000082000000| Untracked 
|  33|0x0000000082100000, 0x0000000082100000, 0x0000000082200000|  0%| F|  |TAMS 0x0000000082100000, 0x0000000082100000| Untracked 
|  34|0x0000000082200000, 0x0000000082200000, 0x0000000082300000|  0%| F|  |TAMS 0x0000000082200000, 0x0000000082200000| Untracked 
|  35|0x0000000082300000, 0x0000000082300000, 0x0000000082400000|  0%| F|  |TAMS 0x0000000082300000, 0x0000000082300000| Untracked 
|  36|0x0000000082400000, 0x0000000082400000, 0x0000000082500000|  0%| F|  |TAMS 0x0000000082400000, 0x0000000082400000| Untracked 
|  37|0x0000000082500000, 0x0000000082500000, 0x0000000082600000|  0%| F|  |TAMS 0x0000000082500000, 0x0000000082500000| Untracked 
|  38|0x0000000082600000, 0x0000000082600000, 0x0000000082700000|  0%| F|  |TAMS 0x0000000082600000, 0x0000000082600000| Untracked 
|  39|0x0000000082700000, 0x0000000082700000, 0x0000000082800000|  0%| F|  |TAMS 0x0000000082700000, 0x0000000082700000| Untracked 
|  40|0x0000000082800000, 0x0000000082800000, 0x0000000082900000|  0%| F|  |TAMS 0x0000000082800000, 0x0000000082800000| Untracked 
|  41|0x0000000082900000, 0x0000000082900000, 0x0000000082a00000|  0%| F|  |TAMS 0x0000000082900000, 0x0000000082900000| Untracked 
|  42|0x0000000082a00000, 0x0000000082a00000, 0x0000000082b00000|  0%| F|  |TAMS 0x0000000082a00000, 0x0000000082a00000| Untracked 
|  43|0x0000000082b00000, 0x0000000082b00000, 0x0000000082c00000|  0%| F|  |TAMS 0x0000000082b00000, 0x0000000082b00000| Untracked 
|  44|0x0000000082c00000, 0x0000000082c00000, 0x0000000082d00000|  0%| F|  |TAMS 0x0000000082c00000, 0x0000000082c00000| Untracked 
|  45|0x0000000082d00000, 0x0000000082d00000, 0x0000000082e00000|  0%| F|  |TAMS 0x0000000082d00000, 0x0000000082d00000| Untracked 
|  46|0x0000000082e00000, 0x0000000082e00000, 0x0000000082f00000|  0%| F|  |TAMS 0x0000000082e00000, 0x0000000082e00000| Untracked 
|  47|0x0000000082f00000, 0x0000000082f00000, 0x0000000083000000|  0%| F|  |TAMS 0x0000000082f00000, 0x0000000082f00000| Untracked 
|  48|0x0000000083000000, 0x0000000083000000, 0x0000000083100000|  0%| F|  |TAMS 0x0000000083000000, 0x0000000083000000| Untracked 
|  49|0x0000000083100000, 0x0000000083100000, 0x0000000083200000|  0%| F|  |TAMS 0x0000000083100000, 0x0000000083100000| Untracked 
|  50|0x0000000083200000, 0x0000000083200000, 0x0000000083300000|  0%| F|  |TAMS 0x0000000083200000, 0x0000000083200000| Untracked 
|  51|0x0000000083300000, 0x0000000083300000, 0x0000000083400000|  0%| F|  |TAMS 0x0000000083300000, 0x0000000083300000| Untracked 
|  52|0x0000000083400000, 0x0000000083400000, 0x0000000083500000|  0%| F|  |TAMS 0x0000000083400000, 0x0000000083400000| Untracked 
|  53|0x0000000083500000, 0x0000000083500000, 0x0000000083600000|  0%| F|  |TAMS 0x0000000083500000, 0x0000000083500000| Untracked 
|  54|0x0000000083600000, 0x0000000083600000, 0x0000000083700000|  0%| F|  |TAMS 0x0000000083600000, 0x0000000083600000| Untracked 
|  55|0x0000000083700000, 0x0000000083700000, 0x0000000083800000|  0%| F|  |TAMS 0x0000000083700000, 0x0000000083700000| Untracked 
|  56|0x0000000083800000, 0x0000000083800000, 0x0000000083900000|  0%| F|  |TAMS 0x0000000083800000, 0x0000000083800000| Untracked 
|  57|0x0000000083900000, 0x0000000083900000, 0x0000000083a00000|  0%| F|  |TAMS 0x0000000083900000, 0x0000000083900000| Untracked 
|  58|0x0000000083a00000, 0x0000000083a00000, 0x0000000083b00000|  0%| F|  |TAMS 0x0000000083a00000, 0x0000000083a00000| Untracked 
|  59|0x0000000083b00000, 0x0000000083b00000, 0x0000000083c00000|  0%| F|  |TAMS 0x0000000083b00000, 0x0000000083b00000| Untracked 
|  60|0x0000000083c00000, 0x0000000083c00000, 0x0000000083d00000|  0%| F|  |TAMS 0x0000000083c00000, 0x0000000083c00000| Untracked 
|  61|0x0000000083d00000, 0x0000000083d00000, 0x0000000083e00000|  0%| F|  |TAMS 0x0000000083d00000, 0x0000000083d00000| Untracked 
|  62|0x0000000083e00000, 0x0000000083e00000, 0x0000000083f00000|  0%| F|  |TAMS 0x0000000083e00000, 0x0000000083e00000| Untracked 
|  63|0x0000000083f00000, 0x0000000083f00000, 0x0000000084000000|  0%| F|  |TAMS 0x0000000083f00000, 0x0000000083f00000| Untracked 
|  64|0x0000000084000000, 0x0000000084000000, 0x0000000084100000|  0%| F|  |TAMS 0x0000000084000000, 0x0000000084000000| Untracked 
|  65|0x0000000084100000, 0x0000000084100000, 0x0000000084200000|  0%| F|  |TAMS 0x0000000084100000, 0x0000000084100000| Untracked 
|  66|0x0000000084200000, 0x0000000084200000, 0x0000000084300000|  0%| F|  |TAMS 0x0000000084200000, 0x0000000084200000| Untracked 
|  67|0x0000000084300000, 0x0000000084300000, 0x0000000084400000|  0%| F|  |TAMS 0x0000000084300000, 0x0000000084300000| Untracked 
|  68|0x0000000084400000, 0x0000000084400000, 0x0000000084500000|  0%| F|  |TAMS 0x0000000084400000, 0x0000000084400000| Untracked 
|  69|0x0000000084500000, 0x0000000084500000, 0x0000000084600000|  0%| F|  |TAMS 0x0000000084500000, 0x0000000084500000| Untracked 
|  70|0x0000000084600000, 0x0000000084600000, 0x0000000084700000|  0%| F|  |TAMS 0x0000000084600000, 0x0000000084600000| Untracked 
|  71|0x0000000084700000, 0x0000000084700000, 0x0000000084800000|  0%| F|  |TAMS 0x0000000084700000, 0x0000000084700000| Untracked 
|  72|0x0000000084800000, 0x0000000084800000, 0x0000000084900000|  0%| F|  |TAMS 0x0000000084800000, 0x0000000084800000| Untracked 
|  73|0x0000000084900000, 0x0000000084900000, 0x0000000084a00000|  0%| F|  |TAMS 0x0000000084900000, 0x0000000084900000| Untracked 
|  74|0x0000000084a00000, 0x0000000084a00000, 0x0000000084b00000|  0%| F|  |TAMS 0x0000000084a00000, 0x0000000084a00000| Untracked 
|  75|0x0000000084b00000, 0x0000000084b00000, 0x0000000084c00000|  0%| F|  |TAMS 0x0000000084b00000, 0x0000000084b00000| Untracked 
|  76|0x0000000084c00000, 0x0000000084c00000, 0x0000000084d00000|  0%| F|  |TAMS 0x0000000084c00000, 0x0000000084c00000| Untracked 
|  77|0x0000000084d00000, 0x0000000084d00000, 0x0000000084e00000|  0%| F|  |TAMS 0x0000000084d00000, 0x0000000084d00000| Untracked 
|  78|0x0000000084e00000, 0x0000000084e00000, 0x0000000084f00000|  0%| F|  |TAMS 0x0000000084e00000, 0x0000000084e00000| Untracked 
|  79|0x0000000084f00000, 0x0000000084f00000, 0x0000000085000000|  0%| F|  |TAMS 0x0000000084f00000, 0x0000000084f00000| Untracked 
|  80|0x0000000085000000, 0x0000000085000000, 0x0000000085100000|  0%| F|  |TAMS 0x0000000085000000, 0x0000000085000000| Untracked 
|  81|0x0000000085100000, 0x0000000085100000, 0x0000000085200000|  0%| F|  |TAMS 0x0000000085100000, 0x0000000085100000| Untracked 
|  82|0x0000000085200000, 0x0000000085200000, 0x0000000085300000|  0%| F|  |TAMS 0x0000000085200000, 0x0000000085200000| Untracked 
|  83|0x0000000085300000, 0x0000000085300000, 0x0000000085400000|  0%| F|  |TAMS 0x0000000085300000, 0x0000000085300000| Untracked 
|  84|0x0000000085400000, 0x0000000085400000, 0x0000000085500000|  0%| F|  |TAMS 0x0000000085400000, 0x0000000085400000| Untracked 
|  85|0x0000000085500000, 0x0000000085500000, 0x0000000085600000|  0%| F|  |TAMS 0x0000000085500000, 0x0000000085500000| Untracked 
|  86|0x0000000085600000, 0x0000000085600000, 0x0000000085700000|  0%| F|  |TAMS 0x0000000085600000, 0x0000000085600000| Untracked 
|  87|0x0000000085700000, 0x0000000085700000, 0x0000000085800000|  0%| F|  |TAMS 0x0000000085700000, 0x0000000085700000| Untracked 
|  88|0x0000000085800000, 0x0000000085800000, 0x0000000085900000|  0%| F|  |TAMS 0x0000000085800000, 0x0000000085800000| Untracked 
|  89|0x0000000085900000, 0x0000000085900000, 0x0000000085a00000|  0%| F|  |TAMS 0x0000000085900000, 0x0000000085900000| Untracked 
|  90|0x0000000085a00000, 0x0000000085a00000, 0x0000000085b00000|  0%| F|  |TAMS 0x0000000085a00000, 0x0000000085a00000| Untracked 
|  91|0x0000000085b00000, 0x0000000085b00000, 0x0000000085c00000|  0%| F|  |TAMS 0x0000000085b00000, 0x0000000085b00000| Untracked 
|  92|0x0000000085c00000, 0x0000000085c00000, 0x0000000085d00000|  0%| F|  |TAMS 0x0000000085c00000, 0x0000000085c00000| Untracked 
|  93|0x0000000085d00000, 0x0000000085d00000, 0x0000000085e00000|  0%| F|  |TAMS 0x0000000085d00000, 0x0000000085d00000| Untracked 
|  94|0x0000000085e00000, 0x0000000085e00000, 0x0000000085f00000|  0%| F|  |TAMS 0x0000000085e00000, 0x0000000085e00000| Untracked 
|  95|0x0000000085f00000, 0x0000000085f00000, 0x0000000086000000|  0%| F|  |TAMS 0x0000000085f00000, 0x0000000085f00000| Untracked 
|  96|0x0000000086000000, 0x0000000086000000, 0x0000000086100000|  0%| F|  |TAMS 0x0000000086000000, 0x0000000086000000| Untracked 
|  97|0x0000000086100000, 0x0000000086100000, 0x0000000086200000|  0%| F|  |TAMS 0x0000000086100000, 0x0000000086100000| Untracked 
|  98|0x0000000086200000, 0x0000000086200000, 0x0000000086300000|  0%| F|  |TAMS 0x0000000086200000, 0x0000000086200000| Untracked 
|  99|0x0000000086300000, 0x0000000086300000, 0x0000000086400000|  0%| F|  |TAMS 0x0000000086300000, 0x0000000086300000| Untracked 
| 100|0x0000000086400000, 0x0000000086400000, 0x0000000086500000|  0%| F|  |TAMS 0x0000000086400000, 0x0000000086400000| Untracked 
| 101|0x0000000086500000, 0x0000000086500000, 0x0000000086600000|  0%| F|  |TAMS 0x0000000086500000, 0x0000000086500000| Untracked 
| 102|0x0000000086600000, 0x0000000086600000, 0x0000000086700000|  0%| F|  |TAMS 0x0000000086600000, 0x0000000086600000| Untracked 
| 103|0x0000000086700000, 0x0000000086700000, 0x0000000086800000|  0%| F|  |TAMS 0x0000000086700000, 0x0000000086700000| Untracked 
| 104|0x0000000086800000, 0x0000000086800000, 0x0000000086900000|  0%| F|  |TAMS 0x0000000086800000, 0x0000000086800000| Untracked 
| 105|0x0000000086900000, 0x00000000869d3200, 0x0000000086a00000| 82%| S|CS|TAMS 0x0000000086900000, 0x0000000086900000| Complete 
| 106|0x0000000086a00000, 0x0000000086a00000, 0x0000000086b00000|  0%| F|  |TAMS 0x0000000086a00000, 0x0000000086a00000| Untracked 
| 107|0x0000000086b00000, 0x0000000086b00000, 0x0000000086c00000|  0%| F|  |TAMS 0x0000000086b00000, 0x0000000086b00000| Untracked 
| 108|0x0000000086c00000, 0x0000000086c00000, 0x0000000086d00000|  0%| F|  |TAMS 0x0000000086c00000, 0x0000000086c00000| Untracked 
| 109|0x0000000086d00000, 0x0000000086d00000, 0x0000000086e00000|  0%| F|  |TAMS 0x0000000086d00000, 0x0000000086d00000| Untracked 
| 110|0x0000000086e00000, 0x0000000086e00000, 0x0000000086f00000|  0%| F|  |TAMS 0x0000000086e00000, 0x0000000086e00000| Untracked 
| 111|0x0000000086f00000, 0x0000000086f00000, 0x0000000087000000|  0%| F|  |TAMS 0x0000000086f00000, 0x0000000086f00000| Untracked 
| 112|0x0000000087000000, 0x0000000087000000, 0x0000000087100000|  0%| F|  |TAMS 0x0000000087000000, 0x0000000087000000| Untracked 
| 113|0x0000000087100000, 0x0000000087100000, 0x0000000087200000|  0%| F|  |TAMS 0x0000000087100000, 0x0000000087100000| Untracked 
| 114|0x0000000087200000, 0x00000000872ae830, 0x0000000087300000| 68%| E|  |TAMS 0x0000000087200000, 0x0000000087200000| Complete 
| 115|0x0000000087300000, 0x0000000087400000, 0x0000000087400000|100%| E|CS|TAMS 0x0000000087300000, 0x0000000087300000| Complete 
| 116|0x0000000087400000, 0x0000000087500000, 0x0000000087500000|100%| E|CS|TAMS 0x0000000087400000, 0x0000000087400000| Complete 
| 117|0x0000000087500000, 0x0000000087600000, 0x0000000087600000|100%| E|CS|TAMS 0x0000000087500000, 0x0000000087500000| Complete 
| 118|0x0000000087600000, 0x0000000087700000, 0x0000000087700000|100%| E|CS|TAMS 0x0000000087600000, 0x0000000087600000| Complete 
| 119|0x0000000087700000, 0x0000000087800000, 0x0000000087800000|100%| E|CS|TAMS 0x0000000087700000, 0x0000000087700000| Complete 
| 120|0x0000000087800000, 0x0000000087900000, 0x0000000087900000|100%| E|CS|TAMS 0x0000000087800000, 0x0000000087800000| Complete 
| 121|0x0000000087900000, 0x0000000087a00000, 0x0000000087a00000|100%| E|CS|TAMS 0x0000000087900000, 0x0000000087900000| Complete 
| 122|0x0000000087a00000, 0x0000000087b00000, 0x0000000087b00000|100%| E|CS|TAMS 0x0000000087a00000, 0x0000000087a00000| Complete 
| 123|0x0000000087b00000, 0x0000000087c00000, 0x0000000087c00000|100%| E|CS|TAMS 0x0000000087b00000, 0x0000000087b00000| Complete 
| 124|0x0000000087c00000, 0x0000000087d00000, 0x0000000087d00000|100%| E|CS|TAMS 0x0000000087c00000, 0x0000000087c00000| Complete 
| 125|0x0000000087d00000, 0x0000000087e00000, 0x0000000087e00000|100%| E|CS|TAMS 0x0000000087d00000, 0x0000000087d00000| Complete 
| 126|0x0000000087e00000, 0x0000000087f00000, 0x0000000087f00000|100%| E|CS|TAMS 0x0000000087e00000, 0x0000000087e00000| Complete 
| 127|0x0000000087f00000, 0x0000000088000000, 0x0000000088000000|100%| E|CS|TAMS 0x0000000087f00000, 0x0000000087f00000| Complete 

Card table byte_map: [0x000002a79a0b0000,0x000002a79a4b0000] _byte_map_base: 0x000002a799cb0000

Marking Bits (Prev, Next): (CMBitMap*) 0x000002a786ed9390, (CMBitMap*) 0x000002a786ed9358
 Prev Bits: [0x000002a79c8b0000, 0x000002a79e8b0000)
 Next Bits: [0x000002a79a8b0000, 0x000002a79c8b0000)

Polling page: 0x000002a785040000

Metaspace:

Usage:
  Non-class:     19.00 MB capacity,    18.68 MB ( 98%) used,   291.57 KB (  1%) free+waste,    40.88 KB ( <1%) overhead. 
      Class:      2.90 MB capacity,     2.69 MB ( 93%) used,   192.82 KB (  6%) free+waste,    20.75 KB ( <1%) overhead. 
       Both:     21.90 MB capacity,    21.37 MB ( 98%) used,   484.39 KB (  2%) free+waste,    61.63 KB ( <1%) overhead. 

Virtual space:
  Non-class space:       20.00 MB reserved,      19.17 MB ( 96%) committed 
      Class space:        1.00 GB reserved,       3.00 MB ( <1%) committed 
             Both:        1.02 GB reserved,      22.17 MB (  2%) committed 

Chunk freelists:
   Non-Class:  59.00 KB
       Class:  8.00 KB
        Both:  67.00 KB

MaxMetaspaceSize: 17179869184.00 GB
CompressedClassSpaceSize: 1.00 GB

CodeHeap 'non-profiled nmethods': size=120000Kb used=930Kb max_used=930Kb free=119069Kb
 bounds [0x000002a792450000, 0x000002a7926c0000, 0x000002a799980000]
CodeHeap 'profiled nmethods': size=120000Kb used=4178Kb max_used=4178Kb free=115821Kb
 bounds [0x000002a78af20000, 0x000002a78b340000, 0x000002a792450000]
CodeHeap 'non-nmethods': size=5760Kb used=1143Kb max_used=1162Kb free=4616Kb
 bounds [0x000002a78a980000, 0x000002a78abf0000, 0x000002a78af20000]
 total_blobs=2465 nmethods=1987 adapters=389
 compilation: enabled
              stopped_count=0, restarted_count=0
 full_count=0

Compilation events (20 events):
Event: 4.997 Thread 0x000002a7a1326000 nmethod 1959 0x000002a792537890 code [0x000002a792537a40, 0x000002a792537cd8]
Event: 4.998 Thread 0x000002a7a1326000 1963       4       jdk.internal.util.Preconditions::checkIndex (18 bytes)
Event: 4.998 Thread 0x000002a7a1326000 nmethod 1963 0x000002a792537f10 code [0x000002a7925380a0, 0x000002a792538118]
Event: 5.015 Thread 0x000002a7a132c800 1977       3       jdk.internal.org.objectweb.asm.Type::getArgumentsAndReturnSizes (151 bytes)
Event: 5.017 Thread 0x000002a7a132c800 nmethod 1977 0x000002a78b32a390 code [0x000002a78b32a700, 0x000002a78b32bf78]
Event: 5.021 Thread 0x000002a7a1326000 1978   !   4       java.lang.ClassLoader::loadClass (122 bytes)
Event: 5.070 Thread 0x000002a7a132c800 1979       1       sun.reflect.generics.repository.AbstractRepository::getFactory (5 bytes)
Event: 5.071 Thread 0x000002a7a132c800 nmethod 1979 0x000002a792538210 code [0x000002a7925383c0, 0x000002a792538478]
Event: 5.075 Thread 0x000002a7a132c800 1980       3       java.lang.invoke.TypeConvertingMethodAdapter::cast (42 bytes)
Event: 5.076 Thread 0x000002a7a132c800 nmethod 1980 0x000002a78b32c810 code [0x000002a78b32ca20, 0x000002a78b32ce88]
Event: 5.077 Thread 0x000002a7a132c800 1981       3       java.lang.Class::privateGetDeclaredConstructors (79 bytes)
Event: 5.078 Thread 0x000002a7a132c800 nmethod 1981 0x000002a78b32d010 code [0x000002a78b32d220, 0x000002a78b32d728]
Event: 5.087 Thread 0x000002a7a132c800 1983       3       org.gradle.internal.service.DefaultServiceRegistry$SingletonService::getAll (23 bytes)
Event: 5.088 Thread 0x000002a7a132c800 nmethod 1983 0x000002a78b32d910 code [0x000002a78b32dae0, 0x000002a78b32dd68]
Event: 5.095 Thread 0x000002a7a132c800 1984       3       java.lang.reflect.Executable::getGenericParameterTypes (20 bytes)
Event: 5.096 Thread 0x000002a7a132c800 nmethod 1984 0x000002a78b32de90 code [0x000002a78b32e0a0, 0x000002a78b32e788]
Event: 5.116 Thread 0x000002a7a132c800 1985       3       java.lang.invoke.MethodHandleNatives::isCallerSensitive (29 bytes)
Event: 5.116 Thread 0x000002a7a132c800 nmethod 1985 0x000002a78b32e910 code [0x000002a78b32eb00, 0x000002a78b32f068]
Event: 5.116 Thread 0x000002a7a132c800 1986       3       java.lang.invoke.MethodHandleNatives::canBeCalledVirtual (93 bytes)
Event: 5.117 Thread 0x000002a7a132c800 nmethod 1986 0x000002a78b32f210 code [0x000002a78b32f420, 0x000002a78b32f998]

GC Heap History (8 events):
Event: 0.907 GC heap before
{Heap before GC invocations=0 (full 0):
 garbage-first heap   total 131072K, used 29696K [0x0000000080000000, 0x0000000100000000)
  region size 1024K, 24 young (24576K), 0 survivors (0K)
 Metaspace       used 9818K, capacity 9986K, committed 10112K, reserved 1058816K
  class space    used 1022K, capacity 1102K, committed 1152K, reserved 1048576K
}
Event: 0.916 GC heap after
{Heap after GC invocations=1 (full 0):
 garbage-first heap   total 131072K, used 8898K [0x0000000080000000, 0x0000000100000000)
  region size 1024K, 3 young (3072K), 3 survivors (3072K)
 Metaspace       used 9818K, capacity 9986K, committed 10112K, reserved 1058816K
  class space    used 1022K, capacity 1102K, committed 1152K, reserved 1048576K
}
Event: 1.393 GC heap before
{Heap before GC invocations=1 (full 0):
 garbage-first heap   total 131072K, used 31426K [0x0000000080000000, 0x0000000100000000)
  region size 1024K, 25 young (25600K), 3 survivors (3072K)
 Metaspace       used 10741K, capacity 11003K, committed 11264K, reserved 1058816K
  class space    used 1123K, capacity 1206K, committed 1280K, reserved 1048576K
}
Event: 1.397 GC heap after
{Heap after GC invocations=2 (full 0):
 garbage-first heap   total 131072K, used 9939K [0x0000000080000000, 0x0000000100000000)
  region size 1024K, 1 young (1024K), 1 survivors (1024K)
 Metaspace       used 10741K, capacity 11003K, committed 11264K, reserved 1058816K
  class space    used 1123K, capacity 1206K, committed 1280K, reserved 1048576K
}
Event: 4.161 GC heap before
{Heap before GC invocations=2 (full 0):
 garbage-first heap   total 131072K, used 62163K [0x0000000080000000, 0x0000000100000000)
  region size 1024K, 52 young (53248K), 1 survivors (1024K)
 Metaspace       used 17788K, capacity 18219K, committed 18432K, reserved 1064960K
  class space    used 2105K, capacity 2238K, committed 2304K, reserved 1048576K
}
Event: 4.177 GC heap after
{Heap after GC invocations=3 (full 0):
 garbage-first heap   total 131072K, used 16254K [0x0000000080000000, 0x0000000100000000)
  region size 1024K, 7 young (7168K), 7 survivors (7168K)
 Metaspace       used 17788K, capacity 18219K, committed 18432K, reserved 1064960K
  class space    used 2105K, capacity 2238K, committed 2304K, reserved 1048576K
}
Event: 4.760 GC heap before
{Heap before GC invocations=3 (full 0):
 garbage-first heap   total 131072K, used 37758K [0x0000000080000000, 0x0000000100000000)
  region size 1024K, 29 young (29696K), 7 survivors (7168K)
 Metaspace       used 20606K, capacity 21150K, committed 21296K, reserved 1069056K
  class space    used 2513K, capacity 2688K, committed 2688K, reserved 1048576K
}
Event: 4.773 GC heap after
{Heap after GC invocations=4 (full 0):
 garbage-first heap   total 131072K, used 16827K [0x0000000080000000, 0x0000000100000000)
  region size 1024K, 1 young (1024K), 1 survivors (1024K)
 Metaspace       used 20606K, capacity 21150K, committed 21296K, reserved 1069056K
  class space    used 2513K, capacity 2688K, committed 2688K, reserved 1048576K
}

Deoptimization events (20 events):
Event: 4.926 Thread 0x000002a7a378e800 Uncommon trap: trap_request=0xffffff4d fr.pc=0x000002a792532958 relative=0x0000000000000398
Event: 4.926 Thread 0x000002a7a378e800 Uncommon trap: reason=unstable_if action=reinterpret pc=0x000002a792532958 method=jdk.internal.org.objectweb.asm.Type.getArgumentsAndReturnSizes(Ljava/lang/String;)I @ 88 c2
Event: 4.926 Thread 0x000002a7a378e800 DEOPT PACKING pc=0x000002a792532958 sp=0x000000ddb1cfa8c0
Event: 4.926 Thread 0x000002a7a378e800 DEOPT UNPACKING pc=0x000002a78a9a78af sp=0x000000ddb1cfa848 mode 2
Event: 4.952 Thread 0x000002a7a378e800 Uncommon trap: trap_request=0xffffff4d fr.pc=0x000002a792486e34 relative=0x0000000000000174
Event: 4.952 Thread 0x000002a7a378e800 Uncommon trap: reason=unstable_if action=reinterpret pc=0x000002a792486e34 method=java.util.HashMap.getNode(ILjava/lang/Object;)Ljava/util/HashMap$Node; @ 129 c2
Event: 4.952 Thread 0x000002a7a378e800 DEOPT PACKING pc=0x000002a792486e34 sp=0x000000ddb1cfc2e0
Event: 4.952 Thread 0x000002a7a378e800 DEOPT UNPACKING pc=0x000002a78a9a78af sp=0x000000ddb1cfc1e0 mode 2
Event: 4.952 Thread 0x000002a7a378e800 Uncommon trap: trap_request=0xffffffc6 fr.pc=0x000002a79251ab88 relative=0x00000000000007e8
Event: 4.952 Thread 0x000002a7a378e800 Uncommon trap: reason=bimorphic_or_optimized_type_check action=maybe_recompile pc=0x000002a79251ab88 method=java.util.HashMap.putVal(ILjava/lang/Object;Ljava/lang/Object;ZZ)Ljava/lang/Object; @ 203 c2
Event: 4.952 Thread 0x000002a7a378e800 DEOPT PACKING pc=0x000002a79251ab88 sp=0x000000ddb1cfc2a0
Event: 4.952 Thread 0x000002a7a378e800 DEOPT UNPACKING pc=0x000002a78a9a78af sp=0x000000ddb1cfc1b0 mode 2
Event: 4.952 Thread 0x000002a7a378e800 Uncommon trap: trap_request=0xffffff4d fr.pc=0x000002a79247ffac relative=0x00000000000001ec
Event: 4.952 Thread 0x000002a7a378e800 Uncommon trap: reason=unstable_if action=reinterpret pc=0x000002a79247ffac method=java.util.HashMap.getNode(ILjava/lang/Object;)Ljava/util/HashMap$Node; @ 129 c2
Event: 4.952 Thread 0x000002a7a378e800 DEOPT PACKING pc=0x000002a79247ffac sp=0x000000ddb1cfc240
Event: 4.952 Thread 0x000002a7a378e800 DEOPT UNPACKING pc=0x000002a78a9a78af sp=0x000000ddb1cfc1c8 mode 2
Event: 4.968 Thread 0x000002a7a378e800 Uncommon trap: trap_request=0xffffff4d fr.pc=0x000002a7924b9c74 relative=0x0000000000000b54
Event: 4.968 Thread 0x000002a7a378e800 Uncommon trap: reason=unstable_if action=reinterpret pc=0x000002a7924b9c74 method=java.util.Properties$LineReader.readLine()I @ 249 c2
Event: 4.968 Thread 0x000002a7a378e800 DEOPT PACKING pc=0x000002a7924b9c74 sp=0x000000ddb1cfc240
Event: 4.968 Thread 0x000002a7a378e800 DEOPT UNPACKING pc=0x000002a78a9a78af sp=0x000000ddb1cfc1e0 mode 2

Classes redefined (0 events):
No events

Internal exceptions (20 events):
Event: 3.787 Thread 0x000002a7a2f4d000 Exception <a 'java/lang/NoSuchMethodError'{0x0000000085797a98}: <clinit>> (0x0000000085797a98) thrown at [./src/hotspot/share/prims/jni.cpp, line 1362]
Event: 3.817 Thread 0x000002a7a2f4d000 Exception <a 'java/lang/NoSuchMethodError'{0x00000000857d3770}: <clinit>> (0x00000000857d3770) thrown at [./src/hotspot/share/prims/jni.cpp, line 1362]
Event: 3.838 Thread 0x000002a7a2f4d000 Exception <a 'java/lang/NoSuchMethodError'{0x0000000085606a90}: <clinit>> (0x0000000085606a90) thrown at [./src/hotspot/share/prims/jni.cpp, line 1362]
Event: 3.976 Thread 0x000002a7a378e800 Exception <a 'java/lang/NoSuchMethodError'{0x0000000085394758}: 'void java.lang.invoke.DirectMethodHandle$Holder.invokeVirtual(java.lang.Object, java.lang.Object, java.lang.Object, java.lang.Object)'> (0x0000000085394758) thrown at [./src/hotspot/share/interpreter/linkResolver.cpp, line 773]
Event: 3.979 Thread 0x000002a7a378e800 Exception <a 'java/lang/NoSuchMethodError'{0x00000000853a11c0}: 'void java.lang.invoke.DelegatingMethodHandle$Holder.reinvoke_L(java.lang.Object, java.lang.Object, java.lang.Object, java.lang.Object)'> (0x00000000853a11c0) thrown at [./src/hotspot/share/interpreter/linkResolver.cpp, line 773]
Event: 3.988 Thread 0x000002a7a378e800 Exception <a 'java/lang/NoSuchMethodError'{0x00000000853d1b68}: 'long java.lang.invoke.DirectMethodHandle$Holder.invokeInterface(java.lang.Object, java.lang.Object)'> (0x00000000853d1b68) thrown at [./src/hotspot/share/interpreter/linkResolver.cpp, line 773]
Event: 3.992 Thread 0x000002a7a378e800 Exception <a 'java/lang/NoSuchMethodError'{0x00000000853f48b0}: 'void java.lang.invoke.DelegatingMethodHandle$Holder.reinvoke_L(java.lang.Object, java.lang.Object, java.lang.Object, java.lang.Object, java.lang.Object, java.lang.Object, java.lang.Object)'> (0x00000000853f48b0) thrown at [./src/hotspot/share/interpreter/linkResolver.cpp, line 773]
Event: 4.363 Thread 0x000002a7a378e800 Exception <a 'java/lang/NoSuchMethodError'{0x0000000087693588}: 'java.lang.Object java.lang.invoke.DirectMethodHandle$Holder.invokeVirtual(java.lang.Object, java.lang.Object, java.lang.Object)'> (0x0000000087693588) thrown at [./src/hotspot/share/interpreter/linkResolver.cpp, line 773]
Event: 4.433 Thread 0x000002a7a378e800 Exception <a 'java/lang/NoSuchMethodError'{0x0000000087237988}: 'void java.lang.invoke.DirectMethodHandle$Holder.invokeInterface(java.lang.Object, java.lang.Object)'> (0x0000000087237988) thrown at [./src/hotspot/share/interpreter/linkResolver.cpp, line 773]
Event: 4.434 Thread 0x000002a7a378e800 Exception <a 'java/lang/IncompatibleClassChangeError'{0x000000008723ab38}: Found class java.lang.Object, but interface was expected> (0x000000008723ab38) thrown at [./src/hotspot/share/interpreter/linkResolver.cpp, line 839]
Event: 4.484 Thread 0x000002a7a378e800 Exception <a 'java/lang/NoSuchMethodError'{0x00000000871afac0}: 'void java.lang.invoke.DirectMethodHandle$Holder.invokeStaticInit(java.lang.Object)'> (0x00000000871afac0) thrown at [./src/hotspot/share/interpreter/linkResolver.cpp, line 773]
Event: 4.590 Thread 0x000002a7a378e800 Exception <a 'java/lang/NoSuchMethodError'{0x0000000086e1b8a0}: 'java.lang.Object java.lang.invoke.DirectMethodHandle$Holder.invokeStatic(java.lang.Object, java.lang.Object, java.lang.Object, int)'> (0x0000000086e1b8a0) thrown at [./src/hotspot/share/interpreter/linkResolver.cpp, line 773]
Event: 4.592 Thread 0x000002a7a378e800 Exception <a 'java/lang/NoSuchMethodError'{0x0000000086e1fa68}: 'java.lang.Object java.lang.invoke.DirectMethodHandle$Holder.invokeSpecial(java.lang.Object, java.lang.Object, java.lang.Object, java.lang.Object, int)'> (0x0000000086e1fa68) thrown at [./src/hotspot/share/interpreter/linkResolver.cpp, line 773]
Event: 4.592 Thread 0x000002a7a378e800 Exception <a 'java/lang/NoSuchMethodError'{0x0000000086e23450}: 'java.lang.Object java.lang.invoke.Invokers$Holder.linkToTargetMethod(java.lang.Object, java.lang.Object, int, java.lang.Object)'> (0x0000000086e23450) thrown at [./src/hotspot/share/interpreter/linkResolver.cpp, line 773]
Event: 4.785 Thread 0x000002a7a378e800 Exception <a 'java/lang/NoSuchMethodError'{0x0000000087fa0f90}: 'int java.lang.invoke.DirectMethodHandle$Holder.invokeSpecialIFC(java.lang.Object, java.lang.Object, java.lang.Object, java.lang.Object)'> (0x0000000087fa0f90) thrown at [./src/hotspot/share/interpreter/linkResolver.cpp, line 773]
Event: 4.790 Thread 0x000002a7a378e800 Exception <a 'java/lang/NoSuchMethodError'{0x0000000087faed50}: 'java.lang.Object java.lang.invoke.DirectMethodHandle$Holder.invokeInterface(java.lang.Object, java.lang.Object, java.lang.Object)'> (0x0000000087faed50) thrown at [./src/hotspot/share/interpreter/linkResolver.cpp, line 773]
Event: 4.791 Thread 0x000002a7a378e800 Exception <a 'java/lang/IncompatibleClassChangeError'{0x0000000087fb2258}: Found class java.lang.Object, but interface was expected> (0x0000000087fb2258) thrown at [./src/hotspot/share/interpreter/linkResolver.cpp, line 839]
Event: 4.845 Thread 0x000002a7a378e800 Exception <a 'java/lang/NoSuchMethodError'{0x0000000087e7a0f0}: 'void java.lang.invoke.DirectMethodHandle$Holder.invokeStatic(java.lang.Object, java.lang.Object, java.lang.Object, java.lang.Object, java.lang.Object)'> (0x0000000087e7a0f0) thrown at [./src/hotspot/share/interpreter/linkResolver.cpp, line 773]
Event: 5.015 Thread 0x000002a7a378e800 Exception <a 'java/lang/NoSuchMethodError'{0x000000008796f070}: 'void java.lang.invoke.DirectMethodHandle$Holder.invokeSpecial(java.lang.Object, java.lang.Object)'> (0x000000008796f070) thrown at [./src/hotspot/share/interpreter/linkResolver.cpp, line 773]
Event: 5.116 Thread 0x000002a7a378e800 Exception <a 'java/lang/NoSuchMethodError'{0x00000000877a2098}: 'java.lang.Object java.lang.invoke.DirectMethodHandle$Holder.invokeSpecial(java.lang.Object, java.lang.Object, java.lang.Object, java.lang.Object, java.lang.Object, java.lang.Object, java.lang.Object, java.lang.Object, java.lang.Object)'> (0x00000000877a2098) thrown at [./src/hotspot/share/interpreter/linkResolver.cpp, line 773]

Events (20 events):
Event: 5.133 loading class org/gradle/api/internal/artifacts/ivyservice/modulecache/artifacts/ReadOnlyModuleArtifactsCache
Event: 5.133 loading class org/gradle/api/internal/artifacts/ivyservice/modulecache/artifacts/ReadOnlyModuleArtifactsCache done
Event: 5.134 loading class org/gradle/api/internal/artifacts/ivyservice/modulecache/artifacts/DefaultModuleArtifactsCache
Event: 5.134 loading class org/gradle/api/internal/artifacts/ivyservice/modulecache/artifacts/DefaultModuleArtifactsCache done
Event: 5.134 loading class org/gradle/api/internal/artifacts/ivyservice/modulecache/AbstractModuleMetadataCache
Event: 5.134 loading class org/gradle/api/internal/artifacts/ivyservice/modulecache/AbstractModuleMetadataCache done
Event: 5.140 loading class org/gradle/api/internal/artifacts/ivyservice/modulecache/ModuleMetadataCache
Event: 5.140 loading class org/gradle/api/internal/artifacts/ivyservice/modulecache/ModuleMetadataCache done
Event: 5.142 loading class org/gradle/api/internal/artifacts/ivyservice/modulecache/ReadOnlyModuleMetadataCache
Event: 5.142 loading class org/gradle/api/internal/artifacts/ivyservice/modulecache/ReadOnlyModuleMetadataCache done
Event: 5.143 loading class org/gradle/api/internal/artifacts/ivyservice/modulecache/PersistentModuleMetadataCache
Event: 5.143 loading class org/gradle/api/internal/artifacts/ivyservice/modulecache/PersistentModuleMetadataCache done
Event: 5.146 loading class org/gradle/api/internal/artifacts/ivyservice/modulecache/dynamicversions/AbstractModuleVersionsCache
Event: 5.146 loading class org/gradle/api/internal/artifacts/ivyservice/modulecache/dynamicversions/AbstractModuleVersionsCache done
Event: 5.147 loading class org/gradle/api/internal/artifacts/ivyservice/modulecache/dynamicversions/ModuleVersionsCache
Event: 5.147 loading class org/gradle/api/internal/artifacts/ivyservice/modulecache/dynamicversions/ModuleVersionsCache done
Event: 5.149 loading class org/gradle/api/internal/artifacts/ivyservice/modulecache/dynamicversions/ReadOnlyModuleVersionsCache
Event: 5.149 loading class org/gradle/api/internal/artifacts/ivyservice/modulecache/dynamicversions/ReadOnlyModuleVersionsCache done
Event: 5.149 loading class org/gradle/api/internal/artifacts/ivyservice/modulecache/dynamicversions/DefaultModuleVersionsCache
Event: 5.149 loading class org/gradle/api/internal/artifacts/ivyservice/modulecache/dynamicversions/DefaultModuleVersionsCache done


Dynamic libraries:
0x00007ff766a80000 - 0x00007ff766a8a000 	C:\Users\suckm\AppData\Local\JetBrains\Toolbox\apps\AndroidStudio\ch-0\203.7678000\jre\bin\java.exe
0x00007ffc96290000 - 0x00007ffc96485000 	C:\Windows\SYSTEM32\ntdll.dll
0x00007ffc94d80000 - 0x00007ffc94e3e000 	C:\Windows\System32\KERNEL32.DLL
0x00007ffc93f70000 - 0x00007ffc94238000 	C:\Windows\System32\KERNELBASE.dll
0x00007ffc93d60000 - 0x00007ffc93e60000 	C:\Windows\System32\ucrtbase.dll
0x00007ffc7ab20000 - 0x00007ffc7ab39000 	C:\Users\suckm\AppData\Local\JetBrains\Toolbox\apps\AndroidStudio\ch-0\203.7678000\jre\bin\jli.dll
0x00007ffc95840000 - 0x00007ffc959e1000 	C:\Windows\System32\USER32.dll
0x00007ffc6cb60000 - 0x00007ffc6cb77000 	C:\Users\suckm\AppData\Local\JetBrains\Toolbox\apps\AndroidStudio\ch-0\203.7678000\jre\bin\VCRUNTIME140.dll
0x00007ffc93bf0000 - 0x00007ffc93c12000 	C:\Windows\System32\win32u.dll
0x00007ffc7b980000 - 0x00007ffc7bc1a000 	C:\Windows\WinSxS\amd64_microsoft.windows.common-controls_6595b64144ccf1df_6.0.19041.1110_none_60b5254171f9507e\COMCTL32.dll
0x00007ffc94fa0000 - 0x00007ffc94fcb000 	C:\Windows\System32\GDI32.dll
0x00007ffc93c20000 - 0x00007ffc93d2b000 	C:\Windows\System32\gdi32full.dll
0x00007ffc94240000 - 0x00007ffc942dd000 	C:\Windows\System32\msvcp_win.dll
0x00007ffc95670000 - 0x00007ffc9570e000 	C:\Windows\System32\msvcrt.dll
0x00007ffc95ac0000 - 0x00007ffc95af0000 	C:\Windows\System32\IMM32.DLL
0x00007ffc54cf0000 - 0x00007ffc54d8d000 	C:\Users\suckm\AppData\Local\JetBrains\Toolbox\apps\AndroidStudio\ch-0\203.7678000\jre\bin\msvcp140.dll
0x00007ffc41360000 - 0x00007ffc41e2f000 	C:\Users\suckm\AppData\Local\JetBrains\Toolbox\apps\AndroidStudio\ch-0\203.7678000\jre\bin\server\jvm.dll
0x00007ffc94e40000 - 0x00007ffc94eec000 	C:\Windows\System32\ADVAPI32.dll
0x00007ffc95d40000 - 0x00007ffc95ddb000 	C:\Windows\System32\sechost.dll
0x00007ffc94c50000 - 0x00007ffc94d7a000 	C:\Windows\System32\RPCRT4.dll
0x00007ffc95100000 - 0x00007ffc95108000 	C:\Windows\System32\PSAPI.DLL
0x00007ffc7e480000 - 0x00007ffc7e489000 	C:\Windows\SYSTEM32\WSOCK32.dll
0x00007ffc7a8b0000 - 0x00007ffc7a8d7000 	C:\Windows\SYSTEM32\WINMM.dll
0x00007ffc90e40000 - 0x00007ffc90e4a000 	C:\Windows\SYSTEM32\VERSION.dll
0x00007ffc95a50000 - 0x00007ffc95abb000 	C:\Windows\System32\WS2_32.dll
0x00007ffc92280000 - 0x00007ffc92292000 	C:\Windows\SYSTEM32\kernel.appcore.dll
0x00007ffc8ce80000 - 0x00007ffc8ce91000 	C:\Users\suckm\AppData\Local\JetBrains\Toolbox\apps\AndroidStudio\ch-0\203.7678000\jre\bin\verify.dll
0x00007ffc91f40000 - 0x00007ffc92124000 	C:\Windows\SYSTEM32\DBGHELP.DLL
0x00007ffc7a580000 - 0x00007ffc7a5ac000 	C:\Windows\SYSTEM32\dbgcore.DLL
0x00007ffc939b0000 - 0x00007ffc93a33000 	C:\Windows\System32\bcryptPrimitives.dll
0x00007ffc80ec0000 - 0x00007ffc80ee9000 	C:\Users\suckm\AppData\Local\JetBrains\Toolbox\apps\AndroidStudio\ch-0\203.7678000\jre\bin\java.dll
0x00007ffc8e5c0000 - 0x00007ffc8e5cb000 	C:\Users\suckm\AppData\Local\JetBrains\Toolbox\apps\AndroidStudio\ch-0\203.7678000\jre\bin\jimage.dll
0x00007ffc8ce60000 - 0x00007ffc8ce78000 	C:\Users\suckm\AppData\Local\JetBrains\Toolbox\apps\AndroidStudio\ch-0\203.7678000\jre\bin\zip.dll
0x00007ffc94490000 - 0x00007ffc94bcf000 	C:\Windows\System32\SHELL32.dll
0x00007ffc916e0000 - 0x00007ffc91e70000 	C:\Windows\SYSTEM32\windows.storage.dll
0x00007ffc95ef0000 - 0x00007ffc96245000 	C:\Windows\System32\combase.dll
0x00007ffc93390000 - 0x00007ffc933be000 	C:\Windows\SYSTEM32\Wldp.dll
0x00007ffc94ef0000 - 0x00007ffc94f9d000 	C:\Windows\System32\SHCORE.dll
0x00007ffc959f0000 - 0x00007ffc95a45000 	C:\Windows\System32\shlwapi.dll
0x00007ffc938f0000 - 0x00007ffc9390f000 	C:\Windows\SYSTEM32\profapi.dll
0x00007ffc80d50000 - 0x00007ffc80d6a000 	C:\Users\suckm\AppData\Local\JetBrains\Toolbox\apps\AndroidStudio\ch-0\203.7678000\jre\bin\net.dll
0x00007ffc90e50000 - 0x00007ffc90f5c000 	C:\Windows\SYSTEM32\WINHTTP.dll
0x00007ffc930f0000 - 0x00007ffc9315a000 	C:\Windows\system32\mswsock.dll
0x00007ffc80c30000 - 0x00007ffc80c44000 	C:\Users\suckm\AppData\Local\JetBrains\Toolbox\apps\AndroidStudio\ch-0\203.7678000\jre\bin\nio.dll
0x00007ffc62430000 - 0x00007ffc62457000 	C:\Users\suckm\.gradle\native\8bec1ad78214c89d9ad589b4d07fe93259594b29d510b10fafb7a158f7737e5d\windows-amd64\native-platform.dll
0x00007ffc53d90000 - 0x00007ffc53ecd000 	C:\Users\suckm\.gradle\native\53dbd7edfb1c66fb8903c78663c9afc45aea4f116125fa6feffd364cf09443e8\windows-amd64\native-platform-file-events.dll
0x00007ffc8d240000 - 0x00007ffc8d24a000 	C:\Users\suckm\AppData\Local\JetBrains\Toolbox\apps\AndroidStudio\ch-0\203.7678000\jre\bin\management.dll
0x00007ffc8cef0000 - 0x00007ffc8cefc000 	C:\Users\suckm\AppData\Local\JetBrains\Toolbox\apps\AndroidStudio\ch-0\203.7678000\jre\bin\management_ext.dll
0x00007ffc932f0000 - 0x00007ffc93308000 	C:\Windows\SYSTEM32\CRYPTSP.dll
0x00007ffc92a10000 - 0x00007ffc92a44000 	C:\Windows\system32\rsaenh.dll
0x00007ffc93d30000 - 0x00007ffc93d57000 	C:\Windows\System32\bcrypt.dll
0x00007ffc93870000 - 0x00007ffc9389e000 	C:\Windows\SYSTEM32\USERENV.dll
0x00007ffc932e0000 - 0x00007ffc932ec000 	C:\Windows\SYSTEM32\CRYPTBASE.dll
0x00007ffc92de0000 - 0x00007ffc92e1b000 	C:\Windows\SYSTEM32\IPHLPAPI.DLL
0x00007ffc950f0000 - 0x00007ffc950f8000 	C:\Windows\System32\NSI.dll
0x00007ffc8b730000 - 0x00007ffc8b747000 	C:\Windows\SYSTEM32\dhcpcsvc6.DLL
0x00007ffc8b6b0000 - 0x00007ffc8b6cd000 	C:\Windows\SYSTEM32\dhcpcsvc.DLL
0x00007ffc92e20000 - 0x00007ffc92eeb000 	C:\Windows\SYSTEM32\DNSAPI.dll

dbghelp: loaded successfully - version: 4.0.5 - missing functions: none
symbol engine: initialized successfully - sym options: 0x614 - pdb path: .;C:\Users\suckm\AppData\Local\JetBrains\Toolbox\apps\AndroidStudio\ch-0\203.7678000\jre\bin;C:\Windows\SYSTEM32;C:\Windows\WinSxS\amd64_microsoft.windows.common-controls_6595b64144ccf1df_6.0.19041.1110_none_60b5254171f9507e;C:\Users\suckm\AppData\Local\JetBrains\Toolbox\apps\AndroidStudio\ch-0\203.7678000\jre\bin\server;C:\Users\suckm\.gradle\native\8bec1ad78214c89d9ad589b4d07fe93259594b29d510b10fafb7a158f7737e5d\windows-amd64;C:\Users\suckm\.gradle\native\53dbd7edfb1c66fb8903c78663c9afc45aea4f116125fa6feffd364cf09443e8\windows-amd64

VM Arguments:
jvm_args: --add-opens=java.base/java.util=ALL-UNNAMED --add-opens=java.base/java.lang=ALL-UNNAMED --add-opens=java.base/java.lang.invoke=ALL-UNNAMED --add-opens=java.base/java.util=ALL-UNNAMED --add-opens=java.prefs/java.util.prefs=ALL-UNNAMED --add-opens=java.prefs/java.util.prefs=ALL-UNNAMED --add-opens=java.base/java.nio.charset=ALL-UNNAMED --add-opens=java.base/java.net=ALL-UNNAMED --add-opens=java.base/java.util.concurrent.atomic=ALL-UNNAMED -Xmx2048m -Dfile.encoding=UTF-8 -Duser.country=US -Duser.language=en -Duser.variant 
java_command: org.gradle.launcher.daemon.bootstrap.GradleDaemon 7.0.2
java_class_path (initial): C:\Users\suckm\.gradle\wrapper\dists\gradle-7.0.2-bin\857tjihv64xamwrf0h14cai3r\gradle-7.0.2\lib\gradle-launcher-7.0.2.jar
Launcher Type: SUN_STANDARD

[Global flags]
     intx CICompilerCount                          = 4                                         {product} {ergonomic}
     uint ConcGCThreads                            = 2                                         {product} {ergonomic}
     uint G1ConcRefinementThreads                  = 8                                         {product} {ergonomic}
   size_t G1HeapRegionSize                         = 1048576                                   {product} {ergonomic}
    uintx GCDrainStackTargetSize                   = 64                                        {product} {ergonomic}
   size_t InitialHeapSize                          = 134217728                                 {product} {ergonomic}
   size_t MarkStackSize                            = 4194304                                   {product} {ergonomic}
   size_t MaxHeapSize                              = 2147483648                                {product} {command line}
   size_t MaxNewSize                               = 1287651328                                {product} {ergonomic}
   size_t MinHeapDeltaBytes                        = 1048576                                   {product} {ergonomic}
    uintx NonNMethodCodeHeapSize                   = 5836300                                {pd product} {ergonomic}
    uintx NonProfiledCodeHeapSize                  = 122910970                              {pd product} {ergonomic}
    uintx ProfiledCodeHeapSize                     = 122910970                              {pd product} {ergonomic}
    uintx ReservedCodeCacheSize                    = 251658240                              {pd product} {ergonomic}
     bool SegmentedCodeCache                       = true                                      {product} {ergonomic}
     bool UseCompressedClassPointers               = true                                 {lp64_product} {ergonomic}
     bool UseCompressedOops                        = true                                 {lp64_product} {ergonomic}
     bool UseG1GC                                  = true                                      {product} {ergonomic}
     bool UseLargePagesIndividualAllocation        = false                                  {pd product} {ergonomic}

Logging:
Log output configuration:
 #0: stdout all=warning uptime,level,tags
 #1: stderr all=off uptime,level,tags

Environment Variables:
PATH=C:\Program Files (x86)\VMware\VMware Player\bin\;C:\MinGW\bin;C:\Program Files\Common Files\Oracle\Java\javapath;C:\Windows\system32;C:\Windows;C:\Windows\System32\Wbem;C:\Windows\System32\WindowsPowerShell\v1.0\;C:\Windows\System32\OpenSSH\;C:\Users\suckm\AppData\Roaming\Microsoft\Windows\Start Menu\Programs\Python 3.9;C:\Program Files\JetBrains\PyCharm Community Edition 2021.2\bin;C:\Program Files\Git\cmd;C:\Program Files\Microsoft SQL Server\Client SDK\ODBC\170\Tools\Binn\;C:\Program Files (x86)\Microsoft SQL Server\150\Tools\Binn\;C:\Program Files\Microsoft SQL Server\150\Tools\Binn\;C:\Program Files\Microsoft SQL Server\150\DTS\Binn\;C:\sqlite-tools-win32-x86-3360000;C:\Users\suckm\OneDrive\Desktop\Programming\Python;C:\Users\suckm\AppData\Local\Packages\PythonSoftwareFoundation.Python.3.9_qbz5n2kfra8p0\LocalCache\local-packages\Python39\Scripts;C:\Program Files (x86)\Microsoft SQL Server\150\DTS\Binn\;C:\Program Files\Azure Data Studio\bin;C:\Users\suckm\AppData\Local\Microsoft\WindowsApps;C:\MinGW\bin;C:\Users\suckm\AppData\Roaming\Microsoft\Windows\Start Menu\Programs\Python 3.9;C:\Users\suckm\AppData\Local\Programs\Microsoft VS Code\bin;C:\ProgramData\suckm\GitHubDesktop\bin;C:\Users\suckm\AppData\Local\GitHubDesktop\bin;C:\Program Files\Azure Data Studio\bin;C:\Program Files\Azure Data Studio\bin
USERNAME=suckm
OS=Windows_NT
PROCESSOR_IDENTIFIER=Intel64 Family 6 Model 142 Stepping 10, GenuineIntel



---------------  S Y S T E M  ---------------

OS: Windows 10 , 64 bit Build 19041 (10.0.19041.1348)
OS uptime: 8 days 0:02 hours

CPU:total 8 (initial active 8) (4 cores per cpu, 2 threads per core) family 6 model 142 stepping 10 microcode 0xb4, cmov, cx8, fxsr, mmx, sse, sse2, sse3, ssse3, sse4.1, sse4.2, popcnt, avx, avx2, aes, clmul, erms, rtm, 3dnowpref, lzcnt, ht, tsc, tscinvbit, bmi1, bmi2, adx, fma

Memory: 4k page, system-wide physical 8071M (148M free)
TotalPageFile size 26330M (AvailPageFile size 5M)
current process WorkingSet (physical memory assigned to process): 180M, peak: 180M
current process commit charge ("private bytes"): 274M, peak: 275M

vm_info: OpenJDK 64-Bit Server VM (11.0.10+0-b96-7249189) for windows-amd64 JRE (11.0.10+0-b96-7249189), built on Mar 31 2021 21:44:00 by "builder" with MS VC++ 14.0 (VS2015)

END.
