#
# There is insufficient memory for the Java Runtime Environment to continue.
# Native memory allocation (malloc) failed to allocate 294224 bytes for Chunk::new
# Possible reasons:
#   The system is out of physical RAM or swap space
#   The process is running with CompressedOops enabled, and the Java Heap may be blocking the growth of the native heap
# Possible solutions:
#   Reduce memory load on the system
#   Increase physical memory or swap space
#   Check if swap backing store is full
#   Decrease Java heap size (-Xmx/-Xms)
#   Decrease number of Java threads
#   Decrease Java thread stack sizes (-Xss)
#   Set larger code cache with -XX:ReservedCodeCacheSize=
#   JVM is running with Unscaled Compressed Oops mode in which the Java heap is
#     placed in the first 4GB address space. The Java Heap base address is the
#     maximum limit for the native heap growth. Please use -XX:HeapBaseMinAddress
#     to set the Java Heap base and to place the Java Heap above 4GB virtual address.
# This output file may be truncated or incomplete.
#
#  Out of Memory Error (./src/hotspot/share/memory/arena.cpp:197), pid=12652, tid=16144
#
# JRE version: OpenJDK Runtime Environment (11.0.10) (build 11.0.10+0-b96-7249189)
# Java VM: OpenJDK 64-Bit Server VM (11.0.10+0-b96-7249189, mixed mode, tiered, compressed oops, g1 gc, windows-amd64)
# No core dump will be written. Minidumps are not enabled by default on client versions of Windows
#

---------------  S U M M A R Y ------------

Command Line: --add-opens=java.base/java.util=ALL-UNNAMED --add-opens=java.base/java.lang=ALL-UNNAMED --add-opens=java.base/java.lang.invoke=ALL-UNNAMED --add-opens=java.base/java.util=ALL-UNNAMED --add-opens=java.prefs/java.util.prefs=ALL-UNNAMED --add-opens=java.prefs/java.util.prefs=ALL-UNNAMED --add-opens=java.base/java.nio.charset=ALL-UNNAMED --add-opens=java.base/java.net=ALL-UNNAMED --add-opens=java.base/java.util.concurrent.atomic=ALL-UNNAMED -Xmx2048m -Dfile.encoding=UTF-8 -Duser.country=US -Duser.language=en -Duser.variant org.gradle.launcher.daemon.bootstrap.GradleDaemon 7.0.2

Host: Intel(R) Core(TM) i5-8350U CPU @ 1.70GHz, 8 cores, 7G,  Windows 10 , 64 bit Build 19041 (10.0.19041.1202)
Time: Mon Oct 11 16:22:36 2021 SE Asia Standard Time elapsed time: 3006.244871 seconds (0d 0h 50m 6s)

---------------  T H R E A D  ---------------

Current thread (0x0000021e7ea7f000):  JavaThread "C2 CompilerThread0" daemon [_thread_in_native, id=16144, stack(0x000000ac50e00000,0x000000ac50f00000)]


Current CompileTask:
C2:3006244 15184       4       com.sun.tools.javac.jvm.ClassReader::sigToType (880 bytes)

Stack: [0x000000ac50e00000,0x000000ac50f00000]
Native frames: (J=compiled Java code, j=interpreted, Vv=VM code, C=native code)
V  [jvm.dll+0x5ecfaa]
V  [jvm.dll+0x722bd5]
V  [jvm.dll+0x72412d]
V  [jvm.dll+0x7247e3]
V  [jvm.dll+0x242928]
V  [jvm.dll+0xbc4fc]
V  [jvm.dll+0xbca0c]
V  [jvm.dll+0x1fae51]
V  [jvm.dll+0x584a45]
V  [jvm.dll+0x58380e]
V  [jvm.dll+0x1fb4a2]
V  [jvm.dll+0x1fa7f4]
V  [jvm.dll+0x18354c]
V  [jvm.dll+0x208ee7]
V  [jvm.dll+0x207731]
V  [jvm.dll+0x6eb1cf]
V  [jvm.dll+0x6e3d45]
V  [jvm.dll+0x5ebe96]
C  [ucrtbase.dll+0x21bb2]
C  [KERNEL32.DLL+0x17034]
C  [ntdll.dll+0x52651]


---------------  P R O C E S S  ---------------

Threads class SMR info:
_java_thread_list=0x0000021e7f0a84d0, length=69, elements={
0x0000021e72c6b800, 0x0000021e7e0e2800, 0x0000021e7e0ec000, 0x0000021e7ea75800,
0x0000021e7ea78800, 0x0000021e7ea7b800, 0x0000021e7ea7f000, 0x0000021e7e0fe000,
0x0000021e7e109800, 0x0000021e7ebc7800, 0x0000021e10cb2800, 0x0000021e7ef04000,
0x0000021e7ed2c800, 0x0000021e10abd800, 0x0000021e10abe000, 0x0000021e10abb000,
0x0000021e10abc800, 0x0000021e10ab9800, 0x0000021e10ac0000, 0x0000021e10aba000,
0x0000021e11b2f000, 0x0000021e11b2e800, 0x0000021e11b31000, 0x0000021e11b2d800,
0x0000021e11b31800, 0x0000021e11b32800, 0x0000021e11b35800, 0x0000021e11b3a800,
0x0000021e7f151000, 0x0000021e7f152000, 0x0000021e7f14c000, 0x0000021e7f14d000,
0x0000021e7f153800, 0x0000021e7f14e800, 0x0000021e7f14e000, 0x0000021e7f155000,
0x0000021e7f14f800, 0x0000021e7f154800, 0x0000021e7f156000, 0x0000021e7f150000,
0x0000021e7f159000, 0x0000021e7f157000, 0x0000021e7f15a000, 0x0000021e11b37800,
0x0000021e11b33000, 0x0000021e11b38000, 0x0000021e11b3a000, 0x0000021e11b34000,
0x0000021e11b35000, 0x0000021e11b3b800, 0x0000021e10abb800, 0x0000021e10abf000,
0x0000021e11993800, 0x0000021e11992000, 0x0000021e11990000, 0x0000021e11994800,
0x0000021e11995000, 0x0000021e11996000, 0x0000021e11991000, 0x0000021e11996800,
0x0000021e11992800, 0x0000021e0f628800, 0x0000021e0f62b000, 0x0000021e0f62d800,
0x0000021e0f62c800, 0x0000021e0f62e800, 0x0000021e0f62a000, 0x0000021e0f62f000,
0x0000021e0f62c000
}

Java Threads: ( => current thread )
  0x0000021e72c6b800 JavaThread "main" [_thread_blocked, id=16212, stack(0x000000ac50200000,0x000000ac50300000)]
  0x0000021e7e0e2800 JavaThread "Reference Handler" daemon [_thread_blocked, id=2840, stack(0x000000ac50900000,0x000000ac50a00000)]
  0x0000021e7e0ec000 JavaThread "Finalizer" daemon [_thread_blocked, id=4780, stack(0x000000ac50a00000,0x000000ac50b00000)]
  0x0000021e7ea75800 JavaThread "Signal Dispatcher" daemon [_thread_blocked, id=7284, stack(0x000000ac50b00000,0x000000ac50c00000)]
  0x0000021e7ea78800 JavaThread "Attach Listener" daemon [_thread_blocked, id=9968, stack(0x000000ac50c00000,0x000000ac50d00000)]
  0x0000021e7ea7b800 JavaThread "Service Thread" daemon [_thread_blocked, id=12852, stack(0x000000ac50d00000,0x000000ac50e00000)]
=>0x0000021e7ea7f000 JavaThread "C2 CompilerThread0" daemon [_thread_in_native, id=16144, stack(0x000000ac50e00000,0x000000ac50f00000)]
  0x0000021e7e0fe000 JavaThread "C1 CompilerThread0" daemon [_thread_blocked, id=6496, stack(0x000000ac50f00000,0x000000ac51000000)]
  0x0000021e7e109800 JavaThread "Sweeper thread" daemon [_thread_blocked, id=13404, stack(0x000000ac51000000,0x000000ac51100000)]
  0x0000021e7ebc7800 JavaThread "Common-Cleaner" daemon [_thread_blocked, id=3728, stack(0x000000ac51100000,0x000000ac51200000)]
  0x0000021e10cb2800 JavaThread "Daemon health stats" [_thread_blocked, id=9808, stack(0x000000ac51700000,0x000000ac51800000)]
  0x0000021e7ef04000 JavaThread "Incoming local TCP Connector on port 64908" [_thread_in_native, id=7040, stack(0x000000ac51300000,0x000000ac51400000)]
  0x0000021e7ed2c800 JavaThread "Daemon periodic checks" [_thread_blocked, id=2784, stack(0x000000ac51400000,0x000000ac51500000)]
  0x0000021e10abd800 JavaThread "Cache worker for file hash cache (C:\Users\suckm\.gradle\caches\7.0.2\fileHashes)" [_thread_blocked, id=16620, stack(0x000000ac52400000,0x000000ac52500000)]
  0x0000021e10abe000 JavaThread "File lock request listener" [_thread_in_native, id=11880, stack(0x000000ac52500000,0x000000ac52600000)]
  0x0000021e10abb000 JavaThread "Cache worker for journal cache (C:\Users\suckm\.gradle\caches\journal-1)" [_thread_blocked, id=9912, stack(0x000000ac52700000,0x000000ac52800000)]
  0x0000021e10abc800 JavaThread "File watcher server" daemon [_thread_in_native, id=9548, stack(0x000000ac52a00000,0x000000ac52b00000)]
  0x0000021e10ab9800 JavaThread "File watcher consumer" daemon [_thread_blocked, id=15120, stack(0x000000ac52b00000,0x000000ac52c00000)]
  0x0000021e10ac0000 JavaThread "jar transforms" [_thread_blocked, id=9056, stack(0x000000ac52c00000,0x000000ac52d00000)]
  0x0000021e10aba000 JavaThread "jar transforms Thread 2" [_thread_blocked, id=1372, stack(0x000000ac52d00000,0x000000ac52e00000)]
  0x0000021e11b2f000 JavaThread "jar transforms Thread 3" [_thread_blocked, id=17364, stack(0x000000ac52e00000,0x000000ac52f00000)]
  0x0000021e11b2e800 JavaThread "jar transforms Thread 4" [_thread_blocked, id=14820, stack(0x000000ac52f00000,0x000000ac53000000)]
  0x0000021e11b31000 JavaThread "jar transforms Thread 5" [_thread_blocked, id=11028, stack(0x000000ac53000000,0x000000ac53100000)]
  0x0000021e11b2d800 JavaThread "jar transforms Thread 6" [_thread_blocked, id=7456, stack(0x000000ac53100000,0x000000ac53200000)]
  0x0000021e11b31800 JavaThread "jar transforms Thread 7" [_thread_blocked, id=10188, stack(0x000000ac53200000,0x000000ac53300000)]
  0x0000021e11b32800 JavaThread "jar transforms Thread 8" [_thread_blocked, id=4176, stack(0x000000ac53300000,0x000000ac53400000)]
  0x0000021e11b35800 JavaThread "Cache worker for execution history cache (C:\Users\suckm\.gradle\caches\7.0.2\executionHistory)" [_thread_blocked, id=16368, stack(0x000000ac53800000,0x000000ac53900000)]
  0x0000021e11b3a800 JavaThread "Cache worker for file content cache (C:\Users\suckm\.gradle\caches\7.0.2\fileContent)" [_thread_blocked, id=3316, stack(0x000000ac53900000,0x000000ac53a00000)]
  0x0000021e7f151000 JavaThread "Memory manager" [_thread_blocked, id=12112, stack(0x000000ac54400000,0x000000ac54500000)]
  0x0000021e7f152000 JavaThread "pool-3-thread-1" [_thread_blocked, id=4816, stack(0x000000ac54500000,0x000000ac54600000)]
  0x0000021e7f14c000 JavaThread "Daemon Thread 2" [_thread_blocked, id=11600, stack(0x000000ac4ff00000,0x000000ac50000000)]
  0x0000021e7f14d000 JavaThread "Handler for socket connection from /127.0.0.1:64908 to /127.0.0.1:63249" [_thread_in_native, id=14260, stack(0x000000ac50000000,0x000000ac50100000)]
  0x0000021e7f153800 JavaThread "Cancel handler" [_thread_blocked, id=1212, stack(0x000000ac50100000,0x000000ac50200000)]
  0x0000021e7f14e800 JavaThread "Daemon worker Thread 2" [_thread_blocked, id=15276, stack(0x000000ac51800000,0x000000ac51900000)]
  0x0000021e7f14e000 JavaThread "Asynchronous log dispatcher for DefaultDaemonConnection: socket connection from /127.0.0.1:64908 to /127.0.0.1:63249" [_thread_blocked, id=3580, stack(0x000000ac51900000,0x000000ac51a00000)]
  0x0000021e7f155000 JavaThread "Stdin handler" [_thread_blocked, id=12372, stack(0x000000ac51a00000,0x000000ac51b00000)]
  0x0000021e7f14f800 JavaThread "Daemon client event forwarder" [_thread_blocked, id=9916, stack(0x000000ac51b00000,0x000000ac51c00000)]
  0x0000021e7f154800 JavaThread "Cache worker for file hash cache (D:\OOP_Project\Money_manager\.gradle\7.0.2\fileHashes)" [_thread_blocked, id=9868, stack(0x000000ac51c00000,0x000000ac51d00000)]
  0x0000021e7f156000 JavaThread "Cache worker for checksums cache (D:\OOP_Project\Money_manager\.gradle\checksums)" [_thread_blocked, id=17088, stack(0x000000ac51d00000,0x000000ac51e00000)]
  0x0000021e7f150000 JavaThread "Cache worker for cache directory md-supplier (C:\Users\suckm\.gradle\caches\7.0.2\md-supplier)" [_thread_blocked, id=1676, stack(0x000000ac51e00000,0x000000ac51f00000)]
  0x0000021e7f159000 JavaThread "Cache worker for cache directory md-rule (C:\Users\suckm\.gradle\caches\7.0.2\md-rule)" [_thread_blocked, id=4400, stack(0x000000ac52800000,0x000000ac52900000)]
  0x0000021e7f157000 JavaThread "Cache worker for dependencies-accessors (D:\OOP_Project\Money_manager\.gradle\7.0.2\dependencies-accessors)" [_thread_blocked, id=14324, stack(0x000000ac52900000,0x000000ac52a00000)]
  0x0000021e7f15a000 JavaThread "Cache worker for Build Output Cleanup Cache (D:\OOP_Project\Money_manager\.gradle\buildOutputCleanup)" [_thread_blocked, id=5740, stack(0x000000ac53500000,0x000000ac53600000)]
  0x0000021e11b37800 JavaThread "Build operations" [_thread_blocked, id=17708, stack(0x000000ac53600000,0x000000ac53700000)]
  0x0000021e11b33000 JavaThread "Build operations Thread 2" [_thread_blocked, id=17112, stack(0x000000ac53700000,0x000000ac53800000)]
  0x0000021e11b38000 JavaThread "Build operations Thread 3" [_thread_blocked, id=12728, stack(0x000000ac53a00000,0x000000ac53b00000)]
  0x0000021e11b3a000 JavaThread "Build operations Thread 4" [_thread_blocked, id=10136, stack(0x000000ac53b00000,0x000000ac53c00000)]
  0x0000021e11b34000 JavaThread "Build operations Thread 5" [_thread_blocked, id=5636, stack(0x000000ac53c00000,0x000000ac53d00000)]
  0x0000021e11b35000 JavaThread "Build operations Thread 6" [_thread_blocked, id=10740, stack(0x000000ac53d00000,0x000000ac53e00000)]
  0x0000021e11b3b800 JavaThread "Build operations Thread 7" [_thread_blocked, id=8312, stack(0x000000ac53e00000,0x000000ac53f00000)]
  0x0000021e10abb800 JavaThread "Build operations Thread 8" [_thread_blocked, id=4388, stack(0x000000ac53f00000,0x000000ac54000000)]
  0x0000021e10abf000 JavaThread "build event listener" [_thread_blocked, id=10264, stack(0x000000ac54000000,0x000000ac54100000)]
  0x0000021e11993800 JavaThread "pool-6-thread-1" [_thread_blocked, id=11516, stack(0x000000ac54100000,0x000000ac54200000)]
  0x0000021e11992000 JavaThread "build event listener" [_thread_blocked, id=14832, stack(0x000000ac54200000,0x000000ac54300000)]
  0x0000021e11990000 JavaThread "Execution worker for ':'" [_thread_blocked, id=3664, stack(0x000000ac54300000,0x000000ac54400000)]
  0x0000021e11994800 JavaThread "Execution worker for ':' Thread 2" [_thread_in_native, id=2908, stack(0x000000ac54600000,0x000000ac54700000)]
  0x0000021e11995000 JavaThread "Execution worker for ':' Thread 3" [_thread_blocked, id=13652, stack(0x000000ac54700000,0x000000ac54800000)]
  0x0000021e11996000 JavaThread "Execution worker for ':' Thread 4" [_thread_blocked, id=18156, stack(0x000000ac54800000,0x000000ac54900000)]
  0x0000021e11991000 JavaThread "Execution worker for ':' Thread 5" [_thread_blocked, id=5972, stack(0x000000ac54900000,0x000000ac54a00000)]
  0x0000021e11996800 JavaThread "Execution worker for ':' Thread 6" [_thread_blocked, id=16544, stack(0x000000ac54a00000,0x000000ac54b00000)]
  0x0000021e11992800 JavaThread "Execution worker for ':' Thread 7" [_thread_blocked, id=11460, stack(0x000000ac54b00000,0x000000ac54c00000)]
  0x0000021e0f628800 JavaThread "Cache worker for execution history cache (D:\OOP_Project\Money_manager\.gradle\7.0.2\executionHistory)" [_thread_blocked, id=4888, stack(0x000000ac53400000,0x000000ac53500000)]
  0x0000021e0f62b000 JavaThread "WorkerExecutor Queue Thread 2" [_thread_blocked, id=14440, stack(0x000000ac55000000,0x000000ac55100000)]
  0x0000021e0f62d800 JavaThread "WorkerExecutor Queue Thread 3" [_thread_blocked, id=14772, stack(0x000000ac55100000,0x000000ac55200000)]
  0x0000021e0f62c800 JavaThread "pool-7-thread-1" [_thread_blocked, id=17604, stack(0x000000ac55200000,0x000000ac55300000)]
  0x0000021e0f62e800 JavaThread "stderr" [_thread_in_native, id=4392, stack(0x000000ac55300000,0x000000ac55400000)]
  0x0000021e0f62a000 JavaThread "stdout" [_thread_in_native, id=15984, stack(0x000000ac55400000,0x000000ac55500000)]
  0x0000021e0f62f000 JavaThread "Cache worker for Java compile cache (C:\Users\suckm\.gradle\caches\7.0.2\javaCompile)" [_thread_blocked, id=17952, stack(0x000000ac54c00000,0x000000ac54d00000)]
  0x0000021e0f62c000 JavaThread "Cache worker for Java compile cache (D:\OOP_Project\Money_manager\.gradle\7.0.2\javaCompile)" [_thread_blocked, id=15108, stack(0x000000ac54f00000,0x000000ac55000000)]

Other Threads:
  0x0000021e7e0e0000 VMThread "VM Thread" [stack: 0x000000ac50800000,0x000000ac50900000] [id=12864]
  0x0000021e7ebfc000 WatcherThread [stack: 0x000000ac51200000,0x000000ac51300000] [id=2624]
  0x0000021e72c86000 GCTaskThread "GC Thread#0" [stack: 0x000000ac50300000,0x000000ac50400000] [id=5108]
  0x0000021e7f30c800 GCTaskThread "GC Thread#1" [stack: 0x000000ac51500000,0x000000ac51600000] [id=1420]
  0x0000021e7efb4800 GCTaskThread "GC Thread#2" [stack: 0x000000ac51600000,0x000000ac51700000] [id=2704]
  0x0000021e10a51000 GCTaskThread "GC Thread#3" [stack: 0x000000ac51f00000,0x000000ac52000000] [id=12180]
  0x0000021e102ce800 GCTaskThread "GC Thread#4" [stack: 0x000000ac52000000,0x000000ac52100000] [id=12840]
  0x0000021e1078b000 GCTaskThread "GC Thread#5" [stack: 0x000000ac52100000,0x000000ac52200000] [id=18324]
  0x0000021e1078b800 GCTaskThread "GC Thread#6" [stack: 0x000000ac52200000,0x000000ac52300000] [id=4256]
  0x0000021e106b4800 GCTaskThread "GC Thread#7" [stack: 0x000000ac52300000,0x000000ac52400000] [id=17684]
  0x0000021e72cba000 ConcurrentGCThread "G1 Main Marker" [stack: 0x000000ac50400000,0x000000ac50500000] [id=14572]
  0x0000021e72cbb000 ConcurrentGCThread "G1 Conc#0" [stack: 0x000000ac50500000,0x000000ac50600000] [id=16084]
  0x0000021e10e8b000 ConcurrentGCThread "G1 Conc#1" [stack: 0x000000ac52600000,0x000000ac52700000] [id=15792]
  0x0000021e7df30800 ConcurrentGCThread "G1 Refine#0" [stack: 0x000000ac50600000,0x000000ac50700000] [id=11588]
  0x0000021e7ef3d800 ConcurrentGCThread "G1 Refine#1" [stack: 0x000000ac54d00000,0x000000ac54e00000] [id=360]
  0x0000021e7ef3c800 ConcurrentGCThread "G1 Refine#2" [stack: 0x000000ac54e00000,0x000000ac54f00000] [id=3020]
  0x0000021e7df31800 ConcurrentGCThread "G1 Young RemSet Sampling" [stack: 0x000000ac50700000,0x000000ac50800000] [id=17528]

Threads with active compile tasks:
C2 CompilerThread03006436 15184       4       com.sun.tools.javac.jvm.ClassReader::sigToType (880 bytes)

VM state:not at safepoint (normal execution)

VM Mutex/Monitor currently owned by a thread: None

Heap address: 0x0000000080000000, size: 2048 MB, Compressed Oops mode: 32-bit
Narrow klass base: 0x0000000000000000, Narrow klass shift: 3
Compressed class space size: 1073741824 Address: 0x0000000100000000

Heap:
 garbage-first heap   total 189440K, used 130224K [0x0000000080000000, 0x0000000100000000)
  region size 1024K, 20 young (20480K), 6 survivors (6144K)
 Metaspace       used 122846K, capacity 125491K, committed 125952K, reserved 1159168K
  class space    used 15281K, capacity 16299K, committed 16384K, reserved 1048576K
Heap Regions: E=young(eden), S=young(survivor), O=old, HS=humongous(starts), HC=humongous(continues), CS=collection set, F=free, A=archive, TAMS=top-at-mark-start (previous, next)
|   0|0x0000000080000000, 0x0000000080100000, 0x0000000080100000|100%| O|  |TAMS 0x0000000080100000, 0x0000000080000000| Untracked 
|   1|0x0000000080100000, 0x0000000080200000, 0x0000000080200000|100%| O|  |TAMS 0x0000000080200000, 0x0000000080100000| Untracked 
|   2|0x0000000080200000, 0x0000000080300000, 0x0000000080300000|100%| O|  |TAMS 0x0000000080300000, 0x0000000080200000| Untracked 
|   3|0x0000000080300000, 0x0000000080400000, 0x0000000080400000|100%|HS|  |TAMS 0x0000000080400000, 0x0000000080300000| Complete 
|   4|0x0000000080400000, 0x0000000080500000, 0x0000000080500000|100%|HC|  |TAMS 0x0000000080500000, 0x0000000080400000| Complete 
|   5|0x0000000080500000, 0x0000000080600000, 0x0000000080600000|100%|HC|  |TAMS 0x0000000080600000, 0x0000000080500000| Complete 
|   6|0x0000000080600000, 0x0000000080700000, 0x0000000080700000|100%| O|  |TAMS 0x0000000080700000, 0x0000000080600000| Untracked 
|   7|0x0000000080700000, 0x0000000080800000, 0x0000000080800000|100%| O|  |TAMS 0x0000000080800000, 0x0000000080700000| Untracked 
|   8|0x0000000080800000, 0x0000000080900000, 0x0000000080900000|100%| O|  |TAMS 0x0000000080900000, 0x0000000080800000| Untracked 
|   9|0x0000000080900000, 0x0000000080a00000, 0x0000000080a00000|100%| O|  |TAMS 0x0000000080a00000, 0x0000000080900000| Untracked 
|  10|0x0000000080a00000, 0x0000000080b00000, 0x0000000080b00000|100%| O|  |TAMS 0x0000000080b00000, 0x0000000080a00000| Untracked 
|  11|0x0000000080b00000, 0x0000000080c00000, 0x0000000080c00000|100%| O|  |TAMS 0x0000000080c00000, 0x0000000080b00000| Untracked 
|  12|0x0000000080c00000, 0x0000000080d00000, 0x0000000080d00000|100%| O|  |TAMS 0x0000000080d00000, 0x0000000080c00000| Untracked 
|  13|0x0000000080d00000, 0x0000000080e00000, 0x0000000080e00000|100%| O|  |TAMS 0x0000000080e00000, 0x0000000080d00000| Untracked 
|  14|0x0000000080e00000, 0x0000000080f00000, 0x0000000080f00000|100%| O|  |TAMS 0x0000000080f00000, 0x0000000080e00000| Untracked 
|  15|0x0000000080f00000, 0x0000000081000000, 0x0000000081000000|100%| O|  |TAMS 0x0000000081000000, 0x0000000080f00000| Untracked 
|  16|0x0000000081000000, 0x0000000081100000, 0x0000000081100000|100%| O|  |TAMS 0x0000000081100000, 0x0000000081000000| Untracked 
|  17|0x0000000081100000, 0x0000000081200000, 0x0000000081200000|100%|HS|  |TAMS 0x0000000081200000, 0x0000000081100000| Complete 
|  18|0x0000000081200000, 0x0000000081300000, 0x0000000081300000|100%|HC|  |TAMS 0x0000000081300000, 0x0000000081200000| Complete 
|  19|0x0000000081300000, 0x0000000081400000, 0x0000000081400000|100%|HS|  |TAMS 0x0000000081400000, 0x0000000081300000| Complete 
|  20|0x0000000081400000, 0x0000000081500000, 0x0000000081500000|100%|HC|  |TAMS 0x0000000081500000, 0x0000000081400000| Complete 
|  21|0x0000000081500000, 0x0000000081600000, 0x0000000081600000|100%|HC|  |TAMS 0x0000000081600000, 0x0000000081500000| Complete 
|  22|0x0000000081600000, 0x0000000081700000, 0x0000000081700000|100%|HS|  |TAMS 0x0000000081700000, 0x0000000081600000| Complete 
|  23|0x0000000081700000, 0x0000000081800000, 0x0000000081800000|100%|HC|  |TAMS 0x0000000081800000, 0x0000000081700000| Complete 
|  24|0x0000000081800000, 0x0000000081900000, 0x0000000081900000|100%|HC|  |TAMS 0x0000000081900000, 0x0000000081800000| Complete 
|  25|0x0000000081900000, 0x0000000081a00000, 0x0000000081a00000|100%|HC|  |TAMS 0x0000000081a00000, 0x0000000081900000| Complete 
|  26|0x0000000081a00000, 0x0000000081b00000, 0x0000000081b00000|100%|HC|  |TAMS 0x0000000081b00000, 0x0000000081a00000| Complete 
|  27|0x0000000081b00000, 0x0000000081c00000, 0x0000000081c00000|100%| O|  |TAMS 0x0000000081c00000, 0x0000000081b00000| Untracked 
|  28|0x0000000081c00000, 0x0000000081d00000, 0x0000000081d00000|100%| O|  |TAMS 0x0000000081d00000, 0x0000000081c00000| Untracked 
|  29|0x0000000081d00000, 0x0000000081e00000, 0x0000000081e00000|100%| O|  |TAMS 0x0000000081e00000, 0x0000000081d00000| Untracked 
|  30|0x0000000081e00000, 0x0000000081f00000, 0x0000000081f00000|100%| O|  |TAMS 0x0000000081f00000, 0x0000000081e00000| Untracked 
|  31|0x0000000081f00000, 0x0000000082000000, 0x0000000082000000|100%| O|  |TAMS 0x0000000082000000, 0x0000000081f00000| Untracked 
|  32|0x0000000082000000, 0x0000000082100000, 0x0000000082100000|100%|HS|  |TAMS 0x0000000082100000, 0x0000000082000000| Complete 
|  33|0x0000000082100000, 0x0000000082200000, 0x0000000082200000|100%|HC|  |TAMS 0x0000000082200000, 0x0000000082100000| Complete 
|  34|0x0000000082200000, 0x0000000082300000, 0x0000000082300000|100%|HC|  |TAMS 0x0000000082300000, 0x0000000082200000| Complete 
|  35|0x0000000082300000, 0x0000000082400000, 0x0000000082400000|100%|HC|  |TAMS 0x0000000082400000, 0x0000000082300000| Complete 
|  36|0x0000000082400000, 0x0000000082500000, 0x0000000082500000|100%|HC|  |TAMS 0x0000000082500000, 0x0000000082400000| Complete 
|  37|0x0000000082500000, 0x0000000082600000, 0x0000000082600000|100%|HS|  |TAMS 0x0000000082600000, 0x0000000082500000| Complete 
|  38|0x0000000082600000, 0x0000000082700000, 0x0000000082700000|100%|HC|  |TAMS 0x0000000082700000, 0x0000000082600000| Complete 
|  39|0x0000000082700000, 0x0000000082800000, 0x0000000082800000|100%|HC|  |TAMS 0x0000000082800000, 0x0000000082700000| Complete 
|  40|0x0000000082800000, 0x0000000082900000, 0x0000000082900000|100%| O|  |TAMS 0x0000000082900000, 0x0000000082800000| Untracked 
|  41|0x0000000082900000, 0x0000000082a00000, 0x0000000082a00000|100%| O|  |TAMS 0x0000000082a00000, 0x0000000082900000| Untracked 
|  42|0x0000000082a00000, 0x0000000082b00000, 0x0000000082b00000|100%| O|  |TAMS 0x0000000082b00000, 0x0000000082a00000| Untracked 
|  43|0x0000000082b00000, 0x0000000082c00000, 0x0000000082c00000|100%| O|  |TAMS 0x0000000082c00000, 0x0000000082b00000| Untracked 
|  44|0x0000000082c00000, 0x0000000082d00000, 0x0000000082d00000|100%| O|  |TAMS 0x0000000082d00000, 0x0000000082c00000| Untracked 
|  45|0x0000000082d00000, 0x0000000082e00000, 0x0000000082e00000|100%| O|  |TAMS 0x0000000082e00000, 0x0000000082d00000| Untracked 
|  46|0x0000000082e00000, 0x0000000082f00000, 0x0000000082f00000|100%| O|  |TAMS 0x0000000082f00000, 0x0000000082e00000| Untracked 
|  47|0x0000000082f00000, 0x0000000083000000, 0x0000000083000000|100%| O|  |TAMS 0x0000000083000000, 0x0000000082f00000| Untracked 
|  48|0x0000000083000000, 0x0000000083100000, 0x0000000083100000|100%| O|  |TAMS 0x0000000083100000, 0x0000000083000000| Untracked 
|  49|0x0000000083100000, 0x0000000083200000, 0x0000000083200000|100%| O|  |TAMS 0x0000000083100000, 0x0000000083100000| Untracked 
|  50|0x0000000083200000, 0x0000000083300000, 0x0000000083300000|100%| O|  |TAMS 0x0000000083200000, 0x0000000083200000| Untracked 
|  51|0x0000000083300000, 0x0000000083400000, 0x0000000083400000|100%| O|  |TAMS 0x0000000083300000, 0x0000000083300000| Untracked 
|  52|0x0000000083400000, 0x0000000083500000, 0x0000000083500000|100%|HS|  |TAMS 0x0000000083500000, 0x0000000083400000| Complete 
|  53|0x0000000083500000, 0x0000000083600000, 0x0000000083600000|100%|HS|  |TAMS 0x0000000083600000, 0x0000000083500000| Complete 
|  54|0x0000000083600000, 0x0000000083700000, 0x0000000083700000|100%|HS|  |TAMS 0x0000000083700000, 0x0000000083600000| Complete 
|  55|0x0000000083700000, 0x0000000083800000, 0x0000000083800000|100%|HC|  |TAMS 0x0000000083800000, 0x0000000083700000| Complete 
|  56|0x0000000083800000, 0x0000000083900000, 0x0000000083900000|100%| O|  |TAMS 0x0000000083900000, 0x0000000083800000| Untracked 
|  57|0x0000000083900000, 0x0000000083a00000, 0x0000000083a00000|100%| O|  |TAMS 0x0000000083900000, 0x0000000083900000| Untracked 
|  58|0x0000000083a00000, 0x0000000083b00000, 0x0000000083b00000|100%| O|  |TAMS 0x0000000083b00000, 0x0000000083a00000| Untracked 
|  59|0x0000000083b00000, 0x0000000083c00000, 0x0000000083c00000|100%| O|  |TAMS 0x0000000083c00000, 0x0000000083b00000| Untracked 
|  60|0x0000000083c00000, 0x0000000083d00000, 0x0000000083d00000|100%| O|  |TAMS 0x0000000083d00000, 0x0000000083c00000| Untracked 
|  61|0x0000000083d00000, 0x0000000083e00000, 0x0000000083e00000|100%| O|  |TAMS 0x0000000083e00000, 0x0000000083d00000| Untracked 
|  62|0x0000000083e00000, 0x0000000083f00000, 0x0000000083f00000|100%| O|  |TAMS 0x0000000083f00000, 0x0000000083e00000| Untracked 
|  63|0x0000000083f00000, 0x0000000084000000, 0x0000000084000000|100%| O|  |TAMS 0x0000000084000000, 0x0000000083f00000| Untracked 
|  64|0x0000000084000000, 0x0000000084100000, 0x0000000084100000|100%| O|  |TAMS 0x0000000084100000, 0x0000000084000000| Untracked 
|  65|0x0000000084100000, 0x0000000084200000, 0x0000000084200000|100%| O|  |TAMS 0x0000000084100000, 0x0000000084100000| Untracked 
|  66|0x0000000084200000, 0x0000000084300000, 0x0000000084300000|100%| O|  |TAMS 0x0000000084300000, 0x0000000084200000| Untracked 
|  67|0x0000000084300000, 0x0000000084400000, 0x0000000084400000|100%| O|  |TAMS 0x0000000084400000, 0x0000000084300000| Untracked 
|  68|0x0000000084400000, 0x0000000084500000, 0x0000000084500000|100%| O|  |TAMS 0x0000000084500000, 0x0000000084400000| Untracked 
|  69|0x0000000084500000, 0x0000000084600000, 0x0000000084600000|100%| O|  |TAMS 0x0000000084600000, 0x0000000084500000| Untracked 
|  70|0x0000000084600000, 0x0000000084700000, 0x0000000084700000|100%| O|  |TAMS 0x0000000084700000, 0x0000000084600000| Untracked 
|  71|0x0000000084700000, 0x0000000084800000, 0x0000000084800000|100%| O|  |TAMS 0x0000000084800000, 0x0000000084700000| Untracked 
|  72|0x0000000084800000, 0x0000000084900000, 0x0000000084900000|100%| O|  |TAMS 0x0000000084900000, 0x0000000084800000| Untracked 
|  73|0x0000000084900000, 0x0000000084a00000, 0x0000000084a00000|100%| O|  |TAMS 0x0000000084a00000, 0x0000000084900000| Untracked 
|  74|0x0000000084a00000, 0x0000000084b00000, 0x0000000084b00000|100%| O|  |TAMS 0x0000000084b00000, 0x0000000084a00000| Untracked 
|  75|0x0000000084b00000, 0x0000000084c00000, 0x0000000084c00000|100%| O|  |TAMS 0x0000000084c00000, 0x0000000084b00000| Untracked 
|  76|0x0000000084c00000, 0x0000000084d00000, 0x0000000084d00000|100%| O|  |TAMS 0x0000000084d00000, 0x0000000084c00000| Untracked 
|  77|0x0000000084d00000, 0x0000000084e00000, 0x0000000084e00000|100%| O|  |TAMS 0x0000000084e00000, 0x0000000084d00000| Untracked 
|  78|0x0000000084e00000, 0x0000000084f00000, 0x0000000084f00000|100%| O|  |TAMS 0x0000000084f00000, 0x0000000084e00000| Untracked 
|  79|0x0000000084f00000, 0x0000000085000000, 0x0000000085000000|100%| O|  |TAMS 0x0000000085000000, 0x0000000084f00000| Untracked 
|  80|0x0000000085000000, 0x0000000085100000, 0x0000000085100000|100%| O|  |TAMS 0x00000000850fba00, 0x0000000085000000| Untracked 
|  81|0x0000000085100000, 0x0000000085200000, 0x0000000085200000|100%| O|  |TAMS 0x0000000085200000, 0x0000000085100000| Untracked 
|  82|0x0000000085200000, 0x0000000085300000, 0x0000000085300000|100%| O|  |TAMS 0x0000000085300000, 0x0000000085200000| Untracked 
|  83|0x0000000085300000, 0x0000000085400000, 0x0000000085400000|100%|HS|  |TAMS 0x0000000085300000, 0x0000000085300000| Complete 
|  84|0x0000000085400000, 0x0000000085500000, 0x0000000085500000|100%|HC|  |TAMS 0x0000000085400000, 0x0000000085400000| Complete 
|  85|0x0000000085500000, 0x0000000085600000, 0x0000000085600000|100%| O|  |TAMS 0x0000000085500000, 0x0000000085500000| Untracked 
|  86|0x0000000085600000, 0x000000008562c000, 0x0000000085700000| 17%| O|  |TAMS 0x0000000085600000, 0x0000000085600000| Untracked 
|  87|0x0000000085700000, 0x0000000085700000, 0x0000000085800000|  0%| F|  |TAMS 0x0000000085700000, 0x0000000085700000| Untracked 
|  88|0x0000000085800000, 0x0000000085900000, 0x0000000085900000|100%| O|  |TAMS 0x0000000085900000, 0x0000000085800000| Untracked 
|  89|0x0000000085900000, 0x0000000085900000, 0x0000000085a00000|  0%| F|  |TAMS 0x0000000085900000, 0x0000000085900000| Untracked 
|  90|0x0000000085a00000, 0x0000000085a00000, 0x0000000085b00000|  0%| F|  |TAMS 0x0000000085a00000, 0x0000000085a00000| Untracked 
|  91|0x0000000085b00000, 0x0000000085b00000, 0x0000000085c00000|  0%| F|  |TAMS 0x0000000085b00000, 0x0000000085b00000| Untracked 
|  92|0x0000000085c00000, 0x0000000085d00000, 0x0000000085d00000|100%| O|  |TAMS 0x0000000085d00000, 0x0000000085c00000| Untracked 
|  93|0x0000000085d00000, 0x0000000085e00000, 0x0000000085e00000|100%| O|  |TAMS 0x0000000085e00000, 0x0000000085d00000| Untracked 
|  94|0x0000000085e00000, 0x0000000085f00000, 0x0000000085f00000|100%| O|  |TAMS 0x0000000085f00000, 0x0000000085e00000| Untracked 
|  95|0x0000000085f00000, 0x0000000086000000, 0x0000000086000000|100%| O|  |TAMS 0x0000000086000000, 0x0000000085f00000| Untracked 
|  96|0x0000000086000000, 0x0000000086100000, 0x0000000086100000|100%| O|  |TAMS 0x0000000086100000, 0x0000000086000000| Untracked 
|  97|0x0000000086100000, 0x0000000086200000, 0x0000000086200000|100%| O|  |TAMS 0x0000000086200000, 0x0000000086100000| Untracked 
|  98|0x0000000086200000, 0x0000000086300000, 0x0000000086300000|100%| O|  |TAMS 0x0000000086300000, 0x0000000086200000| Untracked 
|  99|0x0000000086300000, 0x0000000086300000, 0x0000000086400000|  0%| F|  |TAMS 0x0000000086300000, 0x0000000086300000| Untracked 
| 100|0x0000000086400000, 0x0000000086400000, 0x0000000086500000|  0%| F|  |TAMS 0x0000000086400000, 0x0000000086400000| Untracked 
| 101|0x0000000086500000, 0x0000000086500000, 0x0000000086600000|  0%| F|  |TAMS 0x0000000086500000, 0x0000000086500000| Untracked 
| 102|0x0000000086600000, 0x0000000086700000, 0x0000000086700000|100%| O|  |TAMS 0x0000000086700000, 0x0000000086600000| Untracked 
| 103|0x0000000086700000, 0x0000000086800000, 0x0000000086800000|100%| O|  |TAMS 0x0000000086800000, 0x0000000086700000| Untracked 
| 104|0x0000000086800000, 0x0000000086900000, 0x0000000086900000|100%| O|  |TAMS 0x0000000086900000, 0x0000000086800000| Untracked 
| 105|0x0000000086900000, 0x0000000086a00000, 0x0000000086a00000|100%| O|  |TAMS 0x0000000086a00000, 0x0000000086900000| Untracked 
| 106|0x0000000086a00000, 0x0000000086a00000, 0x0000000086b00000|  0%| F|  |TAMS 0x0000000086a00000, 0x0000000086a00000| Untracked 
| 107|0x0000000086b00000, 0x0000000086c00000, 0x0000000086c00000|100%| O|  |TAMS 0x0000000086c00000, 0x0000000086b00000| Untracked 
| 108|0x0000000086c00000, 0x0000000086c00000, 0x0000000086d00000|  0%| F|  |TAMS 0x0000000086c00000, 0x0000000086c00000| Untracked 
| 109|0x0000000086d00000, 0x0000000086d00000, 0x0000000086e00000|  0%| F|  |TAMS 0x0000000086d00000, 0x0000000086d00000| Untracked 
| 110|0x0000000086e00000, 0x0000000086e00000, 0x0000000086f00000|  0%| F|  |TAMS 0x0000000086e00000, 0x0000000086e00000| Untracked 
| 111|0x0000000086f00000, 0x0000000086f00000, 0x0000000087000000|  0%| F|  |TAMS 0x0000000086f00000, 0x0000000086f00000| Untracked 
| 112|0x0000000087000000, 0x0000000087000000, 0x0000000087100000|  0%| F|  |TAMS 0x0000000087000000, 0x0000000087000000| Untracked 
| 113|0x0000000087100000, 0x0000000087100000, 0x0000000087200000|  0%| F|  |TAMS 0x0000000087100000, 0x0000000087100000| Untracked 
| 114|0x0000000087200000, 0x0000000087200000, 0x0000000087300000|  0%| F|  |TAMS 0x0000000087200000, 0x0000000087200000| Untracked 
| 115|0x0000000087300000, 0x0000000087300000, 0x0000000087400000|  0%| F|  |TAMS 0x0000000087300000, 0x0000000087300000| Untracked 
| 116|0x0000000087400000, 0x0000000087400000, 0x0000000087500000|  0%| F|  |TAMS 0x0000000087400000, 0x0000000087400000| Untracked 
| 117|0x0000000087500000, 0x0000000087500000, 0x0000000087600000|  0%| F|  |TAMS 0x0000000087500000, 0x0000000087500000| Untracked 
| 118|0x0000000087600000, 0x0000000087600000, 0x0000000087700000|  0%| F|  |TAMS 0x0000000087600000, 0x0000000087600000| Untracked 
| 119|0x0000000087700000, 0x0000000087800000, 0x0000000087800000|100%| O|  |TAMS 0x0000000087800000, 0x0000000087700000| Untracked 
| 120|0x0000000087800000, 0x0000000087800000, 0x0000000087900000|  0%| F|  |TAMS 0x0000000087800000, 0x0000000087800000| Untracked 
| 121|0x0000000087900000, 0x0000000087900000, 0x0000000087a00000|  0%| F|  |TAMS 0x0000000087900000, 0x0000000087900000| Untracked 
| 122|0x0000000087a00000, 0x0000000087a00000, 0x0000000087b00000|  0%| F|  |TAMS 0x0000000087a00000, 0x0000000087a00000| Untracked 
| 123|0x0000000087b00000, 0x0000000087b00000, 0x0000000087c00000|  0%| F|  |TAMS 0x0000000087b00000, 0x0000000087b00000| Untracked 
| 124|0x0000000087c00000, 0x0000000087d00000, 0x0000000087d00000|100%| O|  |TAMS 0x0000000087d00000, 0x0000000087c00000| Untracked 
| 125|0x0000000087d00000, 0x0000000087d00000, 0x0000000087e00000|  0%| F|  |TAMS 0x0000000087d00000, 0x0000000087d00000| Untracked 
| 126|0x0000000087e00000, 0x0000000087f00000, 0x0000000087f00000|100%| O|  |TAMS 0x0000000087f00000, 0x0000000087e00000| Untracked 
| 127|0x0000000087f00000, 0x0000000088000000, 0x0000000088000000|100%| O|  |TAMS 0x0000000088000000, 0x0000000087f00000| Untracked 
| 128|0x0000000088000000, 0x0000000088100000, 0x0000000088100000|100%| O|  |TAMS 0x0000000088100000, 0x0000000088000000| Untracked 
| 129|0x0000000088100000, 0x0000000088200000, 0x0000000088200000|100%| O|  |TAMS 0x0000000088200000, 0x0000000088100000| Untracked 
| 130|0x0000000088200000, 0x0000000088300000, 0x0000000088300000|100%| O|  |TAMS 0x0000000088300000, 0x0000000088200000| Untracked 
| 131|0x0000000088300000, 0x0000000088400000, 0x0000000088400000|100%| O|  |TAMS 0x0000000088400000, 0x0000000088300000| Untracked 
| 132|0x0000000088400000, 0x0000000088400000, 0x0000000088500000|  0%| F|  |TAMS 0x0000000088400000, 0x0000000088400000| Untracked 
| 133|0x0000000088500000, 0x0000000088500000, 0x0000000088600000|  0%| F|  |TAMS 0x0000000088500000, 0x0000000088500000| Untracked 
| 134|0x0000000088600000, 0x0000000088700000, 0x0000000088700000|100%| S|CS|TAMS 0x0000000088600000, 0x0000000088600000| Complete 
| 135|0x0000000088700000, 0x0000000088800000, 0x0000000088800000|100%| S|CS|TAMS 0x0000000088700000, 0x0000000088700000| Complete 
| 136|0x0000000088800000, 0x0000000088900000, 0x0000000088900000|100%| S|CS|TAMS 0x0000000088800000, 0x0000000088800000| Complete 
| 137|0x0000000088900000, 0x0000000088a00000, 0x0000000088a00000|100%| O|  |TAMS 0x0000000088a00000, 0x0000000088900000| Untracked 
| 138|0x0000000088a00000, 0x0000000088a00000, 0x0000000088b00000|  0%| F|  |TAMS 0x0000000088a00000, 0x0000000088a00000| Untracked 
| 139|0x0000000088b00000, 0x0000000088b00000, 0x0000000088c00000|  0%| F|  |TAMS 0x0000000088b00000, 0x0000000088b00000| Untracked 
| 140|0x0000000088c00000, 0x0000000088c00000, 0x0000000088d00000|  0%| F|  |TAMS 0x0000000088c00000, 0x0000000088c00000| Untracked 
| 141|0x0000000088d00000, 0x0000000088e00000, 0x0000000088e00000|100%| S|CS|TAMS 0x0000000088d00000, 0x0000000088d00000| Complete 
| 142|0x0000000088e00000, 0x0000000088f00000, 0x0000000088f00000|100%| S|CS|TAMS 0x0000000088e00000, 0x0000000088e00000| Complete 
| 143|0x0000000088f00000, 0x0000000088f00000, 0x0000000089000000|  0%| F|  |TAMS 0x0000000088f00000, 0x0000000088f00000| Untracked 
| 144|0x0000000089000000, 0x0000000089000000, 0x0000000089100000|  0%| F|  |TAMS 0x0000000089000000, 0x0000000089000000| Untracked 
| 145|0x0000000089100000, 0x0000000089100000, 0x0000000089200000|  0%| F|  |TAMS 0x0000000089100000, 0x0000000089100000| Untracked 
| 146|0x0000000089200000, 0x0000000089300000, 0x0000000089300000|100%| S|CS|TAMS 0x0000000089200000, 0x0000000089200000| Complete 
| 147|0x0000000089300000, 0x0000000089300000, 0x0000000089400000|  0%| F|  |TAMS 0x0000000089300000, 0x0000000089300000| Untracked 
| 148|0x0000000089400000, 0x0000000089400000, 0x0000000089500000|  0%| F|  |TAMS 0x0000000089400000, 0x0000000089400000| Untracked 
| 149|0x0000000089500000, 0x0000000089500000, 0x0000000089600000|  0%| F|  |TAMS 0x0000000089500000, 0x0000000089500000| Untracked 
| 150|0x0000000089600000, 0x0000000089600000, 0x0000000089700000|  0%| F|  |TAMS 0x0000000089600000, 0x0000000089600000| Untracked 
| 151|0x0000000089700000, 0x0000000089700000, 0x0000000089800000|  0%| F|  |TAMS 0x0000000089700000, 0x0000000089700000| Untracked 
| 152|0x0000000089800000, 0x0000000089800000, 0x0000000089900000|  0%| F|  |TAMS 0x0000000089800000, 0x0000000089800000| Untracked 
| 153|0x0000000089900000, 0x0000000089900000, 0x0000000089a00000|  0%| F|  |TAMS 0x0000000089900000, 0x0000000089900000| Untracked 
| 154|0x0000000089a00000, 0x0000000089a00000, 0x0000000089b00000|  0%| F|  |TAMS 0x0000000089a00000, 0x0000000089a00000| Untracked 
| 155|0x0000000089b00000, 0x0000000089b00000, 0x0000000089c00000|  0%| F|  |TAMS 0x0000000089b00000, 0x0000000089b00000| Untracked 
| 156|0x0000000089c00000, 0x0000000089c00000, 0x0000000089d00000|  0%| F|  |TAMS 0x0000000089c00000, 0x0000000089c00000| Untracked 
| 157|0x0000000089d00000, 0x0000000089d00000, 0x0000000089e00000|  0%| F|  |TAMS 0x0000000089d00000, 0x0000000089d00000| Untracked 
| 158|0x0000000089e00000, 0x0000000089e00000, 0x0000000089f00000|  0%| F|  |TAMS 0x0000000089e00000, 0x0000000089e00000| Untracked 
| 159|0x0000000089f00000, 0x0000000089f00000, 0x000000008a000000|  0%| F|  |TAMS 0x0000000089f00000, 0x0000000089f00000| Untracked 
| 160|0x000000008a000000, 0x000000008a000000, 0x000000008a100000|  0%| F|  |TAMS 0x000000008a000000, 0x000000008a000000| Untracked 
| 161|0x000000008a100000, 0x000000008a100000, 0x000000008a200000|  0%| F|  |TAMS 0x000000008a100000, 0x000000008a100000| Untracked 
| 162|0x000000008a200000, 0x000000008a200000, 0x000000008a300000|  0%| F|  |TAMS 0x000000008a200000, 0x000000008a200000| Untracked 
| 163|0x000000008a300000, 0x000000008a300000, 0x000000008a400000|  0%| F|  |TAMS 0x000000008a300000, 0x000000008a300000| Untracked 
| 164|0x000000008a400000, 0x000000008a400000, 0x000000008a500000|  0%| F|  |TAMS 0x000000008a400000, 0x000000008a400000| Untracked 
| 165|0x000000008a500000, 0x000000008a500000, 0x000000008a600000|  0%| F|  |TAMS 0x000000008a500000, 0x000000008a500000| Untracked 
| 166|0x000000008a600000, 0x000000008a600000, 0x000000008a700000|  0%| F|  |TAMS 0x000000008a600000, 0x000000008a600000| Untracked 
| 167|0x000000008a700000, 0x000000008a700000, 0x000000008a800000|  0%| F|  |TAMS 0x000000008a700000, 0x000000008a700000| Untracked 
| 168|0x000000008a800000, 0x000000008a800000, 0x000000008a900000|  0%| F|  |TAMS 0x000000008a800000, 0x000000008a800000| Untracked 
| 169|0x000000008a900000, 0x000000008a900000, 0x000000008aa00000|  0%| F|  |TAMS 0x000000008a900000, 0x000000008a900000| Untracked 
| 170|0x000000008aa00000, 0x000000008aa00000, 0x000000008ab00000|  0%| F|  |TAMS 0x000000008aa00000, 0x000000008aa00000| Untracked 
| 171|0x000000008ab00000, 0x000000008ab7f428, 0x000000008ac00000| 49%| E|  |TAMS 0x000000008ab00000, 0x000000008ab00000| Complete 
| 172|0x000000008ac00000, 0x000000008ad00000, 0x000000008ad00000|100%| E|CS|TAMS 0x000000008ac00000, 0x000000008ac00000| Complete 
| 173|0x000000008ad00000, 0x000000008ae00000, 0x000000008ae00000|100%| E|CS|TAMS 0x000000008ad00000, 0x000000008ad00000| Complete 
| 174|0x000000008ae00000, 0x000000008af00000, 0x000000008af00000|100%| E|CS|TAMS 0x000000008ae00000, 0x000000008ae00000| Complete 
| 175|0x000000008af00000, 0x000000008b000000, 0x000000008b000000|100%| E|CS|TAMS 0x000000008af00000, 0x000000008af00000| Complete 
| 176|0x000000008b000000, 0x000000008b100000, 0x000000008b100000|100%| E|CS|TAMS 0x000000008b000000, 0x000000008b000000| Complete 
| 177|0x000000008b100000, 0x000000008b200000, 0x000000008b200000|100%| E|CS|TAMS 0x000000008b100000, 0x000000008b100000| Complete 
| 178|0x000000008b200000, 0x000000008b300000, 0x000000008b300000|100%| E|CS|TAMS 0x000000008b200000, 0x000000008b200000| Complete 
| 179|0x000000008b300000, 0x000000008b400000, 0x000000008b400000|100%| E|CS|TAMS 0x000000008b300000, 0x000000008b300000| Complete 
| 180|0x000000008b400000, 0x000000008b500000, 0x000000008b500000|100%| E|CS|TAMS 0x000000008b400000, 0x000000008b400000| Complete 
| 181|0x000000008b500000, 0x000000008b600000, 0x000000008b600000|100%| E|CS|TAMS 0x000000008b500000, 0x000000008b500000| Complete 
| 182|0x000000008b600000, 0x000000008b700000, 0x000000008b700000|100%| E|CS|TAMS 0x000000008b600000, 0x000000008b600000| Complete 
| 183|0x000000008b700000, 0x000000008b800000, 0x000000008b800000|100%| E|CS|TAMS 0x000000008b700000, 0x000000008b700000| Complete 
| 184|0x000000008b800000, 0x000000008b900000, 0x000000008b900000|100%| E|CS|TAMS 0x000000008b800000, 0x000000008b800000| Complete 

Card table byte_map: [0x0000021e76e90000,0x0000021e77290000] _byte_map_base: 0x0000021e76a90000

Marking Bits (Prev, Next): (CMBitMap*) 0x0000021e72cb0f20, (CMBitMap*) 0x0000021e72cb0ee8
 Prev Bits: [0x0000021e79690000, 0x0000021e7b690000)
 Next Bits: [0x0000021e77690000, 0x0000021e79690000)

Polling page: 0x0000021e72450000

Metaspace:

Usage:
  Non-class:    106.63 MB capacity,   105.04 MB ( 99%) used,     1.28 MB (  1%) free+waste,   321.25 KB ( <1%) overhead. 
      Class:     15.92 MB capacity,    14.92 MB ( 94%) used,   875.26 KB (  5%) free+waste,   141.81 KB ( <1%) overhead. 
       Both:    122.55 MB capacity,   119.97 MB ( 98%) used,     2.13 MB (  2%) free+waste,   463.06 KB ( <1%) overhead. 

Virtual space:
  Non-class space:      108.00 MB reserved,     107.00 MB (>99%) committed 
      Class space:        1.00 GB reserved,      16.00 MB (  2%) committed 
             Both:        1.11 GB reserved,     123.00 MB ( 11%) committed 

Chunk freelists:
   Non-Class:  312.00 KB
       Class:  85.00 KB
        Both:  397.00 KB

MaxMetaspaceSize: 17179869184.00 GB
CompressedClassSpaceSize: 1.00 GB

CodeHeap 'non-profiled nmethods': size=120000Kb used=9842Kb max_used=9842Kb free=110157Kb
 bounds [0x0000021e07ad0000, 0x0000021e08470000, 0x0000021e0f000000]
CodeHeap 'profiled nmethods': size=120000Kb used=34140Kb max_used=34140Kb free=85859Kb
 bounds [0x0000021e005a0000, 0x0000021e02700000, 0x0000021e07ad0000]
CodeHeap 'non-nmethods': size=5760Kb used=2360Kb max_used=2407Kb free=3399Kb
 bounds [0x0000021e00000000, 0x0000021e00270000, 0x0000021e005a0000]
 total_blobs=16114 nmethods=15124 adapters=899
 compilation: enabled
              stopped_count=0, restarted_count=0
 full_count=0

Compilation events (20 events):
Event: 3006.185 Thread 0x0000021e7e0fe000 15289       3       com.sun.tools.javac.code.Types$5::visitMethodType (10 bytes)
Event: 3006.185 Thread 0x0000021e7e0fe000 nmethod 15289 0x0000021e026f2510 code [0x0000021e026f26e0, 0x0000021e026f2908]
Event: 3006.187 Thread 0x0000021e7e0fe000 15293       2       com.sun.tools.javac.code.Types$6::visitType (10 bytes)
Event: 3006.188 Thread 0x0000021e7e0fe000 nmethod 15293 0x0000021e026f2a10 code [0x0000021e026f2c00, 0x0000021e026f2ea8]
Event: 3006.188 Thread 0x0000021e7e0fe000 15295       2       com.sun.tools.javac.code.Symbol$MethodSymbol::binaryImplementation (97 bytes)
Event: 3006.188 Thread 0x0000021e7e0fe000 nmethod 15295 0x0000021e026f3090 code [0x0000021e026f32c0, 0x0000021e026f3748]
Event: 3006.188 Thread 0x0000021e7e0fe000 15294       2       com.sun.tools.javac.code.Types$6::visitType (33 bytes)
Event: 3006.189 Thread 0x0000021e7e0fe000 nmethod 15294 0x0000021e026f3a90 code [0x0000021e026f3c80, 0x0000021e026f3ec8]
Event: 3006.189 Thread 0x0000021e7e0fe000 15296       2       com.sun.tools.javac.code.Types$5::visitMethodType (42 bytes)
Event: 3006.189 Thread 0x0000021e7e0fe000 nmethod 15296 0x0000021e026f4090 code [0x0000021e026f4280, 0x0000021e026f4528]
Event: 3006.191 Thread 0x0000021e7e0fe000 15298       2       com.sun.tools.javac.code.Types::covariantReturnType (39 bytes)
Event: 3006.191 Thread 0x0000021e7e0fe000 nmethod 15298 0x0000021e026f4790 code [0x0000021e026f4980, 0x0000021e026f4bd8]
Event: 3006.191 Thread 0x0000021e7e0fe000 15299       2       com.sun.tools.javac.code.Types::returnTypeSubstitutable (41 bytes)
Event: 3006.192 Thread 0x0000021e7e0fe000 nmethod 15299 0x0000021e026f4d90 code [0x0000021e026f4fc0, 0x0000021e026f5398]
Event: 3006.192 Thread 0x0000021e7e0fe000 15300       2       com.sun.tools.javac.code.Types::resultSubtype (42 bytes)
Event: 3006.192 Thread 0x0000021e7e0fe000 nmethod 15300 0x0000021e026f5690 code [0x0000021e026f58a0, 0x0000021e026f5bc8]
Event: 3006.192 Thread 0x0000021e7e0fe000 15303       2       com.sun.tools.javac.code.Type$StructuralTypeMapping::visitClassType (67 bytes)
Event: 3006.193 Thread 0x0000021e7e0fe000 nmethod 15303 0x0000021e026f5e10 code [0x0000021e026f6020, 0x0000021e026f64a8]
Event: 3006.198 Thread 0x0000021e7e0fe000 15304       2       com.sun.tools.javac.tree.TreeScanner::scan (10 bytes)
Event: 3006.198 Thread 0x0000021e7e0fe000 nmethod 15304 0x0000021e026f6790 code [0x0000021e026f6940, 0x0000021e026f6a68]

GC Heap History (20 events):
Event: 2996.106 GC heap before
{Heap before GC invocations=40 (full 0):
 garbage-first heap   total 189440K, used 162044K [0x0000000080000000, 0x0000000100000000)
  region size 1024K, 26 young (26624K), 4 survivors (4096K)
 Metaspace       used 109566K, capacity 111991K, committed 113152K, reserved 1146880K
  class space    used 13673K, capacity 14555K, committed 14848K, reserved 1048576K
}
Event: 2996.121 GC heap after
{Heap after GC invocations=41 (full 0):
 garbage-first heap   total 189440K, used 126629K [0x0000000080000000, 0x0000000100000000)
  region size 1024K, 2 young (2048K), 2 survivors (2048K)
 Metaspace       used 109566K, capacity 111991K, committed 113152K, reserved 1146880K
  class space    used 13673K, capacity 14555K, committed 14848K, reserved 1048576K
}
Event: 2996.255 GC heap before
{Heap before GC invocations=41 (full 0):
 garbage-first heap   total 189440K, used 132773K [0x0000000080000000, 0x0000000100000000)
  region size 1024K, 9 young (9216K), 2 survivors (2048K)
 Metaspace       used 109675K, capacity 112082K, committed 113152K, reserved 1146880K
  class space    used 13683K, capacity 14560K, committed 14848K, reserved 1048576K
}
Event: 2996.274 GC heap after
{Heap after GC invocations=42 (full 0):
 garbage-first heap   total 189440K, used 117946K [0x0000000080000000, 0x0000000100000000)
  region size 1024K, 1 young (1024K), 1 survivors (1024K)
 Metaspace       used 109675K, capacity 112082K, committed 113152K, reserved 1146880K
  class space    used 13683K, capacity 14560K, committed 14848K, reserved 1048576K
}
Event: 2996.329 GC heap before
{Heap before GC invocations=42 (full 0):
 garbage-first heap   total 189440K, used 126138K [0x0000000080000000, 0x0000000100000000)
  region size 1024K, 9 young (9216K), 1 survivors (1024K)
 Metaspace       used 109725K, capacity 112152K, committed 113408K, reserved 1148928K
  class space    used 13685K, capacity 14560K, committed 14848K, reserved 1048576K
}
Event: 2996.338 GC heap after
{Heap after GC invocations=43 (full 0):
 garbage-first heap   total 189440K, used 118016K [0x0000000080000000, 0x0000000100000000)
  region size 1024K, 2 young (2048K), 2 survivors (2048K)
 Metaspace       used 109725K, capacity 112152K, committed 113408K, reserved 1148928K
  class space    used 13685K, capacity 14560K, committed 14848K, reserved 1048576K
}
Event: 2996.717 GC heap before
{Heap before GC invocations=43 (full 0):
 garbage-first heap   total 189440K, used 143616K [0x0000000080000000, 0x0000000100000000)
  region size 1024K, 28 young (28672K), 2 survivors (2048K)
 Metaspace       used 110165K, capacity 112578K, committed 113792K, reserved 1148928K
  class space    used 13727K, capacity 14641K, committed 14976K, reserved 1048576K
}
Event: 2996.726 GC heap after
{Heap after GC invocations=44 (full 0):
 garbage-first heap   total 189440K, used 119503K [0x0000000080000000, 0x0000000100000000)
  region size 1024K, 3 young (3072K), 3 survivors (3072K)
 Metaspace       used 110165K, capacity 112578K, committed 113792K, reserved 1148928K
  class space    used 13727K, capacity 14641K, committed 14976K, reserved 1048576K
}
Event: 2997.167 GC heap before
{Heap before GC invocations=45 (full 0):
 garbage-first heap   total 189440K, used 142031K [0x0000000080000000, 0x0000000100000000)
  region size 1024K, 31 young (31744K), 3 survivors (3072K)
 Metaspace       used 110735K, capacity 113229K, committed 114304K, reserved 1148928K
  class space    used 13807K, capacity 14707K, committed 14976K, reserved 1048576K
}
Event: 2997.172 GC heap after
{Heap after GC invocations=46 (full 0):
 garbage-first heap   total 189440K, used 115501K [0x0000000080000000, 0x0000000100000000)
  region size 1024K, 4 young (4096K), 4 survivors (4096K)
 Metaspace       used 110735K, capacity 113229K, committed 114304K, reserved 1148928K
  class space    used 13807K, capacity 14707K, committed 14976K, reserved 1048576K
}
Event: 2997.259 GC heap before
{Heap before GC invocations=46 (full 0):
 garbage-first heap   total 189440K, used 120621K [0x0000000080000000, 0x0000000100000000)
  region size 1024K, 9 young (9216K), 4 survivors (4096K)
 Metaspace       used 111068K, capacity 113552K, committed 114688K, reserved 1148928K
  class space    used 13855K, capacity 14772K, committed 15104K, reserved 1048576K
}
Event: 2997.279 GC heap after
{Heap after GC invocations=47 (full 0):
 garbage-first heap   total 189440K, used 102928K [0x0000000080000000, 0x0000000100000000)
  region size 1024K, 1 young (1024K), 1 survivors (1024K)
 Metaspace       used 111068K, capacity 113552K, committed 114688K, reserved 1148928K
  class space    used 13855K, capacity 14772K, committed 15104K, reserved 1048576K
}
Event: 2999.732 GC heap before
{Heap before GC invocations=47 (full 0):
 garbage-first heap   total 189440K, used 140816K [0x0000000080000000, 0x0000000100000000)
  region size 1024K, 38 young (38912K), 1 survivors (1024K)
 Metaspace       used 114020K, capacity 116475K, committed 117504K, reserved 1150976K
  class space    used 14202K, capacity 15109K, committed 15360K, reserved 1048576K
}
Event: 2999.748 GC heap after
{Heap after GC invocations=48 (full 0):
 garbage-first heap   total 189440K, used 105750K [0x0000000080000000, 0x0000000100000000)
  region size 1024K, 4 young (4096K), 4 survivors (4096K)
 Metaspace       used 114020K, capacity 116475K, committed 117504K, reserved 1150976K
  class space    used 14202K, capacity 15109K, committed 15360K, reserved 1048576K
}
Event: 3000.479 GC heap before
{Heap before GC invocations=49 (full 0):
 garbage-first heap   total 189440K, used 142614K [0x0000000080000000, 0x0000000100000000)
  region size 1024K, 41 young (41984K), 4 survivors (4096K)
 Metaspace       used 114447K, capacity 116903K, committed 117888K, reserved 1150976K
  class space    used 14242K, capacity 15145K, committed 15488K, reserved 1048576K
}
Event: 3000.488 GC heap after
{Heap after GC invocations=50 (full 0):
 garbage-first heap   total 189440K, used 107500K [0x0000000080000000, 0x0000000100000000)
  region size 1024K, 3 young (3072K), 3 survivors (3072K)
 Metaspace       used 114447K, capacity 116903K, committed 117888K, reserved 1150976K
  class space    used 14242K, capacity 15145K, committed 15488K, reserved 1048576K
}
Event: 3001.182 GC heap before
{Heap before GC invocations=50 (full 0):
 garbage-first heap   total 189440K, used 145388K [0x0000000080000000, 0x0000000100000000)
  region size 1024K, 41 young (41984K), 3 survivors (3072K)
 Metaspace       used 115785K, capacity 118358K, committed 119296K, reserved 1153024K
  class space    used 14411K, capacity 15354K, committed 15616K, reserved 1048576K
}
Event: 3001.190 GC heap after
{Heap after GC invocations=51 (full 0):
 garbage-first heap   total 189440K, used 110231K [0x0000000080000000, 0x0000000100000000)
  region size 1024K, 6 young (6144K), 6 survivors (6144K)
 Metaspace       used 115785K, capacity 118358K, committed 119296K, reserved 1153024K
  class space    used 14411K, capacity 15354K, committed 15616K, reserved 1048576K
}
Event: 3005.625 GC heap before
{Heap before GC invocations=51 (full 0):
 garbage-first heap   total 189440K, used 150167K [0x0000000080000000, 0x0000000100000000)
  region size 1024K, 44 young (45056K), 6 survivors (6144K)
 Metaspace       used 121922K, capacity 124533K, committed 125184K, reserved 1159168K
  class space    used 15196K, capacity 16176K, committed 16384K, reserved 1048576K
}
Event: 3005.755 GC heap after
{Heap after GC invocations=52 (full 0):
 garbage-first heap   total 189440K, used 116912K [0x0000000080000000, 0x0000000100000000)
  region size 1024K, 6 young (6144K), 6 survivors (6144K)
 Metaspace       used 121922K, capacity 124533K, committed 125184K, reserved 1159168K
  class space    used 15196K, capacity 16176K, committed 16384K, reserved 1048576K
}

Deoptimization events (20 events):
Event: 3005.545 Thread 0x0000021e11994800 Uncommon trap: trap_request=0xffffffbe fr.pc=0x0000021e084599c0 relative=0x0000000000000700
Event: 3005.545 Thread 0x0000021e11994800 Uncommon trap: reason=profile_predicate action=maybe_recompile pc=0x0000021e084599c0 method=sun.nio.fs.WindowsPath.compareTo(Ljava/nio/file/Path;)I @ 53 c2
Event: 3005.545 Thread 0x0000021e11994800 DEOPT PACKING pc=0x0000021e084599c0 sp=0x000000ac546f8800
Event: 3005.545 Thread 0x0000021e11994800 DEOPT UNPACKING pc=0x0000021e000278af sp=0x000000ac546f8768 mode 2
Event: 3005.545 Thread 0x0000021e11994800 Uncommon trap: trap_request=0xffffffbe fr.pc=0x0000021e084599c0 relative=0x0000000000000700
Event: 3005.545 Thread 0x0000021e11994800 Uncommon trap: reason=profile_predicate action=maybe_recompile pc=0x0000021e084599c0 method=sun.nio.fs.WindowsPath.compareTo(Ljava/nio/file/Path;)I @ 53 c2
Event: 3005.545 Thread 0x0000021e11994800 DEOPT PACKING pc=0x0000021e084599c0 sp=0x000000ac546f8800
Event: 3005.545 Thread 0x0000021e11994800 DEOPT UNPACKING pc=0x0000021e000278af sp=0x000000ac546f8768 mode 2
Event: 3005.597 Thread 0x0000021e11994800 Uncommon trap: trap_request=0xffffff4d fr.pc=0x0000021e0845b1bc relative=0x000000000000021c
Event: 3005.597 Thread 0x0000021e11994800 Uncommon trap: reason=unstable_if action=reinterpret pc=0x0000021e0845b1bc method=com.sun.tools.javac.util.Name$Table.equals([BI[BII)Z @ 22 c2
Event: 3005.597 Thread 0x0000021e11994800 DEOPT PACKING pc=0x0000021e0845b1bc sp=0x000000ac546f8c70
Event: 3005.597 Thread 0x0000021e11994800 DEOPT UNPACKING pc=0x0000021e000278af sp=0x000000ac546f8be8 mode 2
Event: 3005.888 Thread 0x0000021e11994800 Uncommon trap: trap_request=0xfffffff4 fr.pc=0x0000021e08460d38 relative=0x0000000000000db8
Event: 3005.888 Thread 0x0000021e11994800 Uncommon trap: reason=null_check action=make_not_entrant pc=0x0000021e08460d38 method=com.sun.tools.javac.util.UnsharedNameTable.fromUtf([BII)Lcom/sun/tools/javac/util/Name; @ 50 c2
Event: 3005.888 Thread 0x0000021e11994800 DEOPT PACKING pc=0x0000021e08460d38 sp=0x000000ac546f8350
Event: 3005.888 Thread 0x0000021e11994800 DEOPT UNPACKING pc=0x0000021e000278af sp=0x000000ac546f82f8 mode 2
Event: 3006.080 Thread 0x0000021e11994800 Uncommon trap: trap_request=0xffffff4d fr.pc=0x0000021e07b4b3f8 relative=0x00000000000003b8
Event: 3006.080 Thread 0x0000021e11994800 Uncommon trap: reason=unstable_if action=reinterpret pc=0x0000021e07b4b3f8 method=sun.nio.fs.WindowsPathParser.normalize(Ljava/lang/StringBuilder;Ljava/lang/String;I)Ljava/lang/String; @ 100 c2
Event: 3006.080 Thread 0x0000021e11994800 DEOPT PACKING pc=0x0000021e07b4b3f8 sp=0x000000ac546f7d10
Event: 3006.080 Thread 0x0000021e11994800 DEOPT UNPACKING pc=0x0000021e000278af sp=0x000000ac546f7d00 mode 2

Classes redefined (0 events):
No events

Internal exceptions (20 events):
Event: 3005.887 Thread 0x0000021e11994800 Exception <a 'sun/nio/fs/WindowsException'{0x000000008b443e28}> (0x000000008b443e28) thrown at [./src/hotspot/share/prims/jni.cpp, line 615]
Event: 3005.888 Thread 0x0000021e11994800 Implicit null exception at 0x0000021e084605dc to 0x0000021e08460d04
Event: 3005.896 Thread 0x0000021e11994800 Exception <a 'sun/nio/fs/WindowsException'{0x000000008b333ad8}> (0x000000008b333ad8) thrown at [./src/hotspot/share/prims/jni.cpp, line 615]
Event: 3005.896 Thread 0x0000021e11994800 Exception <a 'sun/nio/fs/WindowsException'{0x000000008b333c10}> (0x000000008b333c10) thrown at [./src/hotspot/share/prims/jni.cpp, line 615]
Event: 3005.911 Thread 0x0000021e11994800 Exception <a 'sun/nio/fs/WindowsException'{0x000000008b3f1518}> (0x000000008b3f1518) thrown at [./src/hotspot/share/prims/jni.cpp, line 615]
Event: 3005.911 Thread 0x0000021e11994800 Exception <a 'sun/nio/fs/WindowsException'{0x000000008b3f1658}> (0x000000008b3f1658) thrown at [./src/hotspot/share/prims/jni.cpp, line 615]
Event: 3005.935 Thread 0x0000021e11994800 Exception <a 'sun/nio/fs/WindowsException'{0x000000008b29e3d0}> (0x000000008b29e3d0) thrown at [./src/hotspot/share/prims/jni.cpp, line 615]
Event: 3005.935 Thread 0x0000021e11994800 Exception <a 'sun/nio/fs/WindowsException'{0x000000008b29e518}> (0x000000008b29e518) thrown at [./src/hotspot/share/prims/jni.cpp, line 615]
Event: 3005.948 Thread 0x0000021e11994800 Exception <a 'sun/nio/fs/WindowsException'{0x000000008b2da5d0}> (0x000000008b2da5d0) thrown at [./src/hotspot/share/prims/jni.cpp, line 615]
Event: 3005.948 Thread 0x0000021e11994800 Exception <a 'sun/nio/fs/WindowsException'{0x000000008b2da718}> (0x000000008b2da718) thrown at [./src/hotspot/share/prims/jni.cpp, line 615]
Event: 3005.970 Thread 0x0000021e11994800 Exception <a 'sun/nio/fs/WindowsException'{0x000000008b13cc90}> (0x000000008b13cc90) thrown at [./src/hotspot/share/prims/jni.cpp, line 615]
Event: 3005.970 Thread 0x0000021e11994800 Exception <a 'sun/nio/fs/WindowsException'{0x000000008b13cde0}> (0x000000008b13cde0) thrown at [./src/hotspot/share/prims/jni.cpp, line 615]
Event: 3006.009 Thread 0x0000021e11994800 Exception <a 'sun/nio/fs/WindowsException'{0x000000008b1dfcf0}> (0x000000008b1dfcf0) thrown at [./src/hotspot/share/prims/jni.cpp, line 615]
Event: 3006.009 Thread 0x0000021e11994800 Exception <a 'sun/nio/fs/WindowsException'{0x000000008b1dfe20}> (0x000000008b1dfe20) thrown at [./src/hotspot/share/prims/jni.cpp, line 615]
Event: 3006.043 Thread 0x0000021e11994800 Exception <a 'sun/nio/fs/WindowsException'{0x000000008b05e120}> (0x000000008b05e120) thrown at [./src/hotspot/share/prims/jni.cpp, line 615]
Event: 3006.044 Thread 0x0000021e11994800 Exception <a 'sun/nio/fs/WindowsException'{0x000000008b05e268}> (0x000000008b05e268) thrown at [./src/hotspot/share/prims/jni.cpp, line 615]
Event: 3006.052 Thread 0x0000021e11994800 Exception <a 'sun/nio/fs/WindowsException'{0x000000008b0e5590}> (0x000000008b0e5590) thrown at [./src/hotspot/share/prims/jni.cpp, line 615]
Event: 3006.052 Thread 0x0000021e11994800 Exception <a 'sun/nio/fs/WindowsException'{0x000000008b0e56d0}> (0x000000008b0e56d0) thrown at [./src/hotspot/share/prims/jni.cpp, line 615]
Event: 3006.080 Thread 0x0000021e11994800 Exception <a 'sun/nio/fs/WindowsException'{0x000000008af547e8}> (0x000000008af547e8) thrown at [./src/hotspot/share/prims/jni.cpp, line 615]
Event: 3006.080 Thread 0x0000021e11994800 Exception <a 'sun/nio/fs/WindowsException'{0x000000008af54950}> (0x000000008af54950) thrown at [./src/hotspot/share/prims/jni.cpp, line 615]

Events (20 events):
Event: 3006.013 loading class com/sun/tools/javac/util/Filter
Event: 3006.013 loading class com/sun/tools/javac/util/Filter done
Event: 3006.013 loading class com/sun/tools/javac/code/Scope$CompoundScope
Event: 3006.013 loading class com/sun/tools/javac/code/Scope$CompoundScope done
Event: 3006.014 loading class com/sun/tools/javac/util/Filter
Event: 3006.014 loading class com/sun/tools/javac/util/Filter done
Event: 3006.014 loading class com/sun/tools/javac/util/Filter
Event: 3006.014 loading class com/sun/tools/javac/util/Filter done
Event: 3006.033 loading class com/sun/tools/javac/code/Type
Event: 3006.033 loading class com/sun/tools/javac/code/Type done
Event: 3006.033 loading class com/sun/tools/javac/code/Type
Event: 3006.033 loading class com/sun/tools/javac/code/Type done
Event: 3006.033 loading class com/sun/tools/javac/code/Types$TypeMapping
Event: 3006.033 loading class com/sun/tools/javac/code/Types$TypeMapping done
Event: 3006.093 loading class com/sun/tools/javac/code/Type
Event: 3006.093 loading class com/sun/tools/javac/code/Type done
Event: 3006.093 loading class com/sun/tools/javac/comp/Resolve
Event: 3006.093 loading class com/sun/tools/javac/comp/Resolve done
Event: 3006.111 Executing VM operation: ICBufferFull
Event: 3006.111 Executing VM operation: ICBufferFull done


Dynamic libraries:
0x00007ff728a90000 - 0x00007ff728a9a000 	C:\Users\suckm\AppData\Local\JetBrains\Toolbox\apps\AndroidStudio\ch-0\203.7678000\jre\bin\java.exe
0x00007ffde8a10000 - 0x00007ffde8c05000 	C:\Windows\SYSTEM32\ntdll.dll
0x00007ffde83f0000 - 0x00007ffde84ae000 	C:\Windows\System32\KERNEL32.DLL
0x00007ffde6470000 - 0x00007ffde6739000 	C:\Windows\System32\KERNELBASE.dll
0x00007ffde6850000 - 0x00007ffde6950000 	C:\Windows\System32\ucrtbase.dll
0x00007ffddc5b0000 - 0x00007ffddc5c7000 	C:\Users\suckm\AppData\Local\JetBrains\Toolbox\apps\AndroidStudio\ch-0\203.7678000\jre\bin\VCRUNTIME140.dll
0x00007ffdccd60000 - 0x00007ffdccd79000 	C:\Users\suckm\AppData\Local\JetBrains\Toolbox\apps\AndroidStudio\ch-0\203.7678000\jre\bin\jli.dll
0x00007ffde81d0000 - 0x00007ffde8371000 	C:\Windows\System32\USER32.dll
0x00007ffdd0b60000 - 0x00007ffdd0dfa000 	C:\Windows\WinSxS\amd64_microsoft.windows.common-controls_6595b64144ccf1df_6.0.19041.1110_none_60b5254171f9507e\COMCTL32.dll
0x00007ffde62e0000 - 0x00007ffde6302000 	C:\Windows\System32\win32u.dll
0x00007ffde7a30000 - 0x00007ffde7ace000 	C:\Windows\System32\msvcrt.dll
0x00007ffde85c0000 - 0x00007ffde85eb000 	C:\Windows\System32\GDI32.dll
0x00007ffde6740000 - 0x00007ffde684b000 	C:\Windows\System32\gdi32full.dll
0x00007ffde6210000 - 0x00007ffde62ad000 	C:\Windows\System32\msvcp_win.dll
0x00007ffde75a0000 - 0x00007ffde75d0000 	C:\Windows\System32\IMM32.DLL
0x00007ffdad5c0000 - 0x00007ffdad65d000 	C:\Users\suckm\AppData\Local\JetBrains\Toolbox\apps\AndroidStudio\ch-0\203.7678000\jre\bin\msvcp140.dll
0x00007ffd81ad0000 - 0x00007ffd8259f000 	C:\Users\suckm\AppData\Local\JetBrains\Toolbox\apps\AndroidStudio\ch-0\203.7678000\jre\bin\server\jvm.dll
0x00007ffde8090000 - 0x00007ffde813c000 	C:\Windows\System32\ADVAPI32.dll
0x00007ffde6a60000 - 0x00007ffde6afb000 	C:\Windows\System32\sechost.dll
0x00007ffde6b00000 - 0x00007ffde6c2a000 	C:\Windows\System32\RPCRT4.dll
0x00007ffde75d0000 - 0x00007ffde75d8000 	C:\Windows\System32\PSAPI.DLL
0x00007ffdcdb00000 - 0x00007ffdcdb27000 	C:\Windows\SYSTEM32\WINMM.dll
0x00007ffdd0500000 - 0x00007ffdd0509000 	C:\Windows\SYSTEM32\WSOCK32.dll
0x00007ffde36d0000 - 0x00007ffde36da000 	C:\Windows\SYSTEM32\VERSION.dll
0x00007ffde8380000 - 0x00007ffde83eb000 	C:\Windows\System32\WS2_32.dll
0x00007ffde4a00000 - 0x00007ffde4a12000 	C:\Windows\SYSTEM32\kernel.appcore.dll
0x00007ffddccf0000 - 0x00007ffddcd01000 	C:\Users\suckm\AppData\Local\JetBrains\Toolbox\apps\AndroidStudio\ch-0\203.7678000\jre\bin\verify.dll
0x00007ffde46b0000 - 0x00007ffde4894000 	C:\Windows\SYSTEM32\DBGHELP.DLL
0x00007ffdde6f0000 - 0x00007ffdde71c000 	C:\Windows\SYSTEM32\dbgcore.DLL
0x00007ffde6180000 - 0x00007ffde6203000 	C:\Windows\System32\bcryptPrimitives.dll
0x00007ffdc09f0000 - 0x00007ffdc0a19000 	C:\Users\suckm\AppData\Local\JetBrains\Toolbox\apps\AndroidStudio\ch-0\203.7678000\jre\bin\java.dll
0x00007ffddd090000 - 0x00007ffddd09b000 	C:\Users\suckm\AppData\Local\JetBrains\Toolbox\apps\AndroidStudio\ch-0\203.7678000\jre\bin\jimage.dll
0x00007ffddc570000 - 0x00007ffddc588000 	C:\Users\suckm\AppData\Local\JetBrains\Toolbox\apps\AndroidStudio\ch-0\203.7678000\jre\bin\zip.dll
0x00007ffde6e60000 - 0x00007ffde759f000 	C:\Windows\System32\SHELL32.dll
0x00007ffde3f20000 - 0x00007ffde46b0000 	C:\Windows\SYSTEM32\windows.storage.dll
0x00007ffde75e0000 - 0x00007ffde7935000 	C:\Windows\System32\combase.dll
0x00007ffde5b30000 - 0x00007ffde5b5c000 	C:\Windows\SYSTEM32\Wldp.dll
0x00007ffde8510000 - 0x00007ffde85be000 	C:\Windows\System32\SHCORE.dll
0x00007ffde84b0000 - 0x00007ffde8505000 	C:\Windows\System32\shlwapi.dll
0x00007ffde6070000 - 0x00007ffde608f000 	C:\Windows\SYSTEM32\profapi.dll
0x00007ffdd0030000 - 0x00007ffdd004a000 	C:\Users\suckm\AppData\Local\JetBrains\Toolbox\apps\AndroidStudio\ch-0\203.7678000\jre\bin\net.dll
0x00007ffde35a0000 - 0x00007ffde36a8000 	C:\Windows\SYSTEM32\WINHTTP.dll
0x00007ffde5870000 - 0x00007ffde58da000 	C:\Windows\system32\mswsock.dll
0x00007ffdcf130000 - 0x00007ffdcf144000 	C:\Users\suckm\AppData\Local\JetBrains\Toolbox\apps\AndroidStudio\ch-0\203.7678000\jre\bin\nio.dll
0x00007ffdc0490000 - 0x00007ffdc04b7000 	C:\Users\suckm\.gradle\native\8bec1ad78214c89d9ad589b4d07fe93259594b29d510b10fafb7a158f7737e5d\windows-amd64\native-platform.dll
0x00007ffda2120000 - 0x00007ffda225d000 	C:\Users\suckm\.gradle\native\53dbd7edfb1c66fb8903c78663c9afc45aea4f116125fa6feffd364cf09443e8\windows-amd64\native-platform-file-events.dll
0x00007ffddc650000 - 0x00007ffddc65a000 	C:\Users\suckm\AppData\Local\JetBrains\Toolbox\apps\AndroidStudio\ch-0\203.7678000\jre\bin\management.dll
0x00007ffdd13c0000 - 0x00007ffdd13cc000 	C:\Users\suckm\AppData\Local\JetBrains\Toolbox\apps\AndroidStudio\ch-0\203.7678000\jre\bin\management_ext.dll
0x00007ffde5a60000 - 0x00007ffde5a78000 	C:\Windows\SYSTEM32\CRYPTSP.dll
0x00007ffde51f0000 - 0x00007ffde5224000 	C:\Windows\system32\rsaenh.dll
0x00007ffde62b0000 - 0x00007ffde62d7000 	C:\Windows\System32\bcrypt.dll
0x00007ffde6030000 - 0x00007ffde605e000 	C:\Windows\SYSTEM32\USERENV.dll
0x00007ffde5a80000 - 0x00007ffde5a8c000 	C:\Windows\SYSTEM32\CRYPTBASE.dll
0x00007ffde5560000 - 0x00007ffde559b000 	C:\Windows\SYSTEM32\IPHLPAPI.DLL
0x00007ffde7ad0000 - 0x00007ffde7ad8000 	C:\Windows\System32\NSI.dll
0x00007ffddd8f0000 - 0x00007ffddd907000 	C:\Windows\SYSTEM32\dhcpcsvc6.DLL
0x00007ffddd8d0000 - 0x00007ffddd8ed000 	C:\Windows\SYSTEM32\dhcpcsvc.DLL
0x00007ffde55a0000 - 0x00007ffde566c000 	C:\Windows\SYSTEM32\DNSAPI.dll
0x00007ffdc09c0000 - 0x00007ffdc09e7000 	C:\Users\suckm\AppData\Local\JetBrains\Toolbox\apps\AndroidStudio\ch-0\203.7678000\jre\bin\sunec.dll
0x00007ffddc9c0000 - 0x00007ffddc9ca000 	C:\Windows\System32\rasadhlp.dll
0x00007ffdd8ea0000 - 0x00007ffdd8f1f000 	C:\Windows\System32\fwpuclnt.dll

dbghelp: loaded successfully - version: 4.0.5 - missing functions: none
symbol engine: initialized successfully - sym options: 0x614 - pdb path: .;C:\Users\suckm\AppData\Local\JetBrains\Toolbox\apps\AndroidStudio\ch-0\203.7678000\jre\bin;C:\Windows\SYSTEM32;C:\Windows\WinSxS\amd64_microsoft.windows.common-controls_6595b64144ccf1df_6.0.19041.1110_none_60b5254171f9507e;C:\Users\suckm\AppData\Local\JetBrains\Toolbox\apps\AndroidStudio\ch-0\203.7678000\jre\bin\server;C:\Users\suckm\.gradle\native\8bec1ad78214c89d9ad589b4d07fe93259594b29d510b10fafb7a158f7737e5d\windows-amd64;C:\Users\suckm\.gradle\native\53dbd7edfb1c66fb8903c78663c9afc45aea4f116125fa6feffd364cf09443e8\windows-amd64

VM Arguments:
jvm_args: --add-opens=java.base/java.util=ALL-UNNAMED --add-opens=java.base/java.lang=ALL-UNNAMED --add-opens=java.base/java.lang.invoke=ALL-UNNAMED --add-opens=java.base/java.util=ALL-UNNAMED --add-opens=java.prefs/java.util.prefs=ALL-UNNAMED --add-opens=java.prefs/java.util.prefs=ALL-UNNAMED --add-opens=java.base/java.nio.charset=ALL-UNNAMED --add-opens=java.base/java.net=ALL-UNNAMED --add-opens=java.base/java.util.concurrent.atomic=ALL-UNNAMED -Xmx2048m -Dfile.encoding=UTF-8 -Duser.country=US -Duser.language=en -Duser.variant 
java_command: org.gradle.launcher.daemon.bootstrap.GradleDaemon 7.0.2
java_class_path (initial): C:\Users\suckm\.gradle\wrapper\dists\gradle-7.0.2-bin\857tjihv64xamwrf0h14cai3r\gradle-7.0.2\lib\gradle-launcher-7.0.2.jar
Launcher Type: SUN_STANDARD

[Global flags]
     intx CICompilerCount                          = 4                                         {product} {ergonomic}
     uint ConcGCThreads                            = 2                                         {product} {ergonomic}
     uint G1ConcRefinementThreads                  = 8                                         {product} {ergonomic}
   size_t G1HeapRegionSize                         = 1048576                                   {product} {ergonomic}
    uintx GCDrainStackTargetSize                   = 64                                        {product} {ergonomic}
   size_t InitialHeapSize                          = 134217728                                 {product} {ergonomic}
   size_t MarkStackSize                            = 4194304                                   {product} {ergonomic}
   size_t MaxHeapSize                              = 2147483648                                {product} {command line}
   size_t MaxNewSize                               = 1287651328                                {product} {ergonomic}
   size_t MinHeapDeltaBytes                        = 1048576                                   {product} {ergonomic}
    uintx NonNMethodCodeHeapSize                   = 5836300                                {pd product} {ergonomic}
    uintx NonProfiledCodeHeapSize                  = 122910970                              {pd product} {ergonomic}
    uintx ProfiledCodeHeapSize                     = 122910970                              {pd product} {ergonomic}
    uintx ReservedCodeCacheSize                    = 251658240                              {pd product} {ergonomic}
     bool SegmentedCodeCache                       = true                                      {product} {ergonomic}
     bool UseCompressedClassPointers               = true                                 {lp64_product} {ergonomic}
     bool UseCompressedOops                        = true                                 {lp64_product} {ergonomic}
     bool UseG1GC                                  = true                                      {product} {ergonomic}
     bool UseLargePagesIndividualAllocation        = false                                  {pd product} {ergonomic}

Logging:
Log output configuration:
 #0: stdout all=warning uptime,level,tags
 #1: stderr all=off uptime,level,tags

Environment Variables:
PATH=C:\Program Files (x86)\VMware\VMware Player\bin\;C:\MinGW\bin;C:\Program Files\Common Files\Oracle\Java\javapath;C:\Windows\system32;C:\Windows;C:\Windows\System32\Wbem;C:\Windows\System32\WindowsPowerShell\v1.0\;C:\Windows\System32\OpenSSH\;C:\Users\suckm\AppData\Roaming\Microsoft\Windows\Start Menu\Programs\Python 3.9;C:\Program Files\JetBrains\PyCharm Community Edition 2021.2\bin;C:\Program Files\Git\cmd;C:\Program Files\Microsoft SQL Server\Client SDK\ODBC\170\Tools\Binn\;C:\Program Files (x86)\Microsoft SQL Server\150\Tools\Binn\;C:\Program Files\Microsoft SQL Server\150\Tools\Binn\;C:\Program Files\Microsoft SQL Server\150\DTS\Binn\;C:\Program Files (x86)\Microsoft SQL Server\150\DTS\Binn\;C:\sqlite-tools-win32-x86-3360000;C:\Users\suckm\OneDrive\Desktop\Programming\Python;C:\Users\suckm\AppData\Local\Packages\PythonSoftwareFoundation.Python.3.9_qbz5n2kfra8p0\LocalCache\local-packages\Python39\Scripts;C:\Users\suckm\AppData\Local\Microsoft\WindowsApps;C:\MinGW\bin;C:\Users\suckm\AppData\Roaming\Microsoft\Windows\Start Menu\Programs\Python 3.9;C:\Users\suckm\AppData\Local\Programs\Microsoft VS Code\bin;C:\ProgramData\suckm\GitHubDesktop\bin;C:\Users\suckm\AppData\Local\GitHubDesktop\bin;C:\Program Files\Azure Data Studio\bin
USERNAME=suckm
OS=Windows_NT
PROCESSOR_IDENTIFIER=Intel64 Family 6 Model 142 Stepping 10, GenuineIntel



---------------  S Y S T E M  ---------------

OS: Windows 10 , 64 bit Build 19041 (10.0.19041.1202)
OS uptime: 5 days 8:09 hours

CPU:total 8 (initial active 8) (4 cores per cpu, 2 threads per core) family 6 model 142 stepping 10 microcode 0xb4, cmov, cx8, fxsr, mmx, sse, sse2, sse3, ssse3, sse4.1, sse4.2, popcnt, avx, avx2, aes, clmul, erms, rtm, 3dnowpref, lzcnt, ht, tsc, tscinvbit, bmi1, bmi2, adx, fma

Memory: 4k page, system-wide physical 8071M (263M free)
TotalPageFile size 26330M (AvailPageFile size 0M)
current process WorkingSet (physical memory assigned to process): 159M, peak: 477M
current process commit charge ("private bytes"): 527M, peak: 535M

vm_info: OpenJDK 64-Bit Server VM (11.0.10+0-b96-7249189) for windows-amd64 JRE (11.0.10+0-b96-7249189), built on Mar 31 2021 21:44:00 by "builder" with MS VC++ 14.0 (VS2015)

END.
